{"/home/travis/build/npmtest/node-npmtest-patrun/test.js":{"path":"/home/travis/build/npmtest/node-npmtest-patrun/test.js","s":{"1":2,"2":2,"3":2,"4":2,"5":2,"6":2,"7":2,"8":1,"9":2,"10":2,"11":1,"12":1,"13":1,"14":1,"15":2,"16":2,"17":2,"18":2,"19":1,"20":1,"21":2,"22":2,"23":2,"24":1,"25":1,"26":1,"27":1,"28":1,"29":1,"30":1,"31":1,"32":1,"33":1,"34":1,"35":1,"36":1,"37":1,"38":1,"39":2,"40":2,"41":1,"42":2,"43":2,"44":1,"45":2,"46":2,"47":1,"48":2,"49":2,"50":1,"51":1,"52":1,"53":1,"54":1},"b":{"1":[2,1,1,1],"2":[1,1,1,1],"3":[1,1],"4":[1,1],"5":[1,1],"6":[1,1],"7":[1,1],"8":[1,1],"9":[1,1],"10":[1,1,1],"11":[1,1],"12":[1,1],"13":[1,1],"14":[1,1],"15":[1,1],"16":[1,1],"17":[1,1]},"f":{"1":2,"2":2,"3":2,"4":2,"5":2,"6":1,"7":1,"8":1,"9":2,"10":2,"11":2,"12":2,"13":1},"fnMap":{"1":{"name":"(anonymous_1)","line":12,"loc":{"start":{"line":12,"column":1},"end":{"line":12,"column":13}}},"2":{"name":"(anonymous_2)","line":19,"loc":{"start":{"line":19,"column":5},"end":{"line":19,"column":17}}},"3":{"name":"(anonymous_3)","line":23,"loc":{"start":{"line":23,"column":24},"end":{"line":23,"column":36}}},"4":{"name":"(anonymous_4)","line":61,"loc":{"start":{"line":61,"column":5},"end":{"line":61,"column":17}}},"5":{"name":"(anonymous_5)","line":82,"loc":{"start":{"line":82,"column":5},"end":{"line":82,"column":17}}},"6":{"name":"(anonymous_6)","line":91,"loc":{"start":{"line":91,"column":77},"end":{"line":94,"column":10}}},"7":{"name":"(anonymous_7)","line":112,"loc":{"start":{"line":112,"column":83},"end":{"line":115,"column":10}},"skip":true},"8":{"name":"(anonymous_8)","line":123,"loc":{"start":{"line":123,"column":77},"end":{"line":126,"column":10}},"skip":true},"9":{"name":"(anonymous_9)","line":139,"loc":{"start":{"line":139,"column":12},"end":{"line":139,"column":40}},"skip":true},"10":{"name":"(anonymous_10)","line":147,"loc":{"start":{"line":147,"column":77},"end":{"line":150,"column":10}},"skip":true},"11":{"name":"(anonymous_11)","line":158,"loc":{"start":{"line":158,"column":83},"end":{"line":161,"column":10}},"skip":true},"12":{"name":"(anonymous_12)","line":169,"loc":{"start":{"line":169,"column":79},"end":{"line":172,"column":10}},"skip":true},"13":{"name":"(anonymous_13)","line":180,"loc":{"start":{"line":180,"column":75},"end":{"line":183,"column":10}},"skip":true}},"statementMap":{"1":{"start":{"line":12,"column":0},"end":{"line":195,"column":5}},"2":{"start":{"line":14,"column":4},"end":{"line":14,"column":14}},"3":{"start":{"line":19,"column":4},"end":{"line":56,"column":9}},"4":{"start":{"line":21,"column":8},"end":{"line":21,"column":19}},"5":{"start":{"line":23,"column":8},"end":{"line":35,"column":13}},"6":{"start":{"line":24,"column":12},"end":{"line":34,"column":13}},"7":{"start":{"line":25,"column":16},"end":{"line":28,"column":30}},"8":{"start":{"line":30,"column":16},"end":{"line":33,"column":27}},"9":{"start":{"line":37,"column":8},"end":{"line":39,"column":21}},"10":{"start":{"line":40,"column":8},"end":{"line":53,"column":9}},"11":{"start":{"line":43,"column":12},"end":{"line":46,"column":14}},"12":{"start":{"line":47,"column":12},"end":{"line":47,"column":18}},"13":{"start":{"line":50,"column":12},"end":{"line":51,"column":46}},"14":{"start":{"line":52,"column":12},"end":{"line":52,"column":18}},"15":{"start":{"line":55,"column":8},"end":{"line":55,"column":35}},"16":{"start":{"line":61,"column":4},"end":{"line":63,"column":9}},"17":{"start":{"line":62,"column":8},"end":{"line":62,"column":15}},"18":{"start":{"line":64,"column":4},"end":{"line":77,"column":5}},"19":{"start":{"line":70,"column":8},"end":{"line":70,"column":14}},"20":{"start":{"line":76,"column":8},"end":{"line":76,"column":14}},"21":{"start":{"line":82,"column":4},"end":{"line":84,"column":9}},"22":{"start":{"line":83,"column":8},"end":{"line":83,"column":15}},"23":{"start":{"line":85,"column":4},"end":{"line":194,"column":5}},"24":{"start":{"line":91,"column":8},"end":{"line":99,"column":10}},"25":{"start":{"line":98,"column":12},"end":{"line":98,"column":35}},"26":{"start":{"line":102,"column":8},"end":{"line":104,"column":63}},"27":{"start":{"line":105,"column":8},"end":{"line":105,"column":14}},"28":{"start":{"line":112,"column":8},"end":{"line":121,"column":10},"skip":true},"29":{"start":{"line":119,"column":12},"end":{"line":119,"column":55},"skip":true},"30":{"start":{"line":120,"column":12},"end":{"line":120,"column":48},"skip":true},"31":{"start":{"line":123,"column":8},"end":{"line":136,"column":10},"skip":true},"32":{"start":{"line":130,"column":12},"end":{"line":130,"column":76},"skip":true},"33":{"start":{"line":131,"column":12},"end":{"line":131,"column":73},"skip":true},"34":{"start":{"line":132,"column":12},"end":{"line":132,"column":74},"skip":true},"35":{"start":{"line":133,"column":12},"end":{"line":133,"column":79},"skip":true},"36":{"start":{"line":134,"column":12},"end":{"line":134,"column":25},"skip":true},"37":{"start":{"line":135,"column":12},"end":{"line":135,"column":45},"skip":true},"38":{"start":{"line":138,"column":8},"end":{"line":145,"column":14},"skip":true},"39":{"start":{"line":143,"column":16},"end":{"line":143,"column":29},"skip":true},"40":{"start":{"line":144,"column":16},"end":{"line":144,"column":55},"skip":true},"41":{"start":{"line":147,"column":8},"end":{"line":156,"column":10},"skip":true},"42":{"start":{"line":154,"column":12},"end":{"line":154,"column":25},"skip":true},"43":{"start":{"line":155,"column":12},"end":{"line":155,"column":45},"skip":true},"44":{"start":{"line":158,"column":8},"end":{"line":167,"column":10},"skip":true},"45":{"start":{"line":165,"column":12},"end":{"line":165,"column":25},"skip":true},"46":{"start":{"line":166,"column":12},"end":{"line":166,"column":48},"skip":true},"47":{"start":{"line":169,"column":8},"end":{"line":178,"column":10},"skip":true},"48":{"start":{"line":176,"column":12},"end":{"line":176,"column":25},"skip":true},"49":{"start":{"line":177,"column":12},"end":{"line":177,"column":46},"skip":true},"50":{"start":{"line":180,"column":8},"end":{"line":189,"column":10},"skip":true},"51":{"start":{"line":187,"column":12},"end":{"line":187,"column":94},"skip":true},"52":{"start":{"line":188,"column":12},"end":{"line":188,"column":48},"skip":true},"53":{"start":{"line":192,"column":8},"end":{"line":192,"column":35},"skip":true},"54":{"start":{"line":193,"column":8},"end":{"line":193,"column":14},"skip":true}},"branchMap":{"1":{"line":25,"type":"binary-expr","locations":[{"start":{"line":25,"column":23},"end":{"line":25,"column":62}},{"start":{"line":26,"column":20},"end":{"line":26,"column":70}},{"start":{"line":27,"column":20},"end":{"line":27,"column":71}},{"start":{"line":28,"column":20},"end":{"line":28,"column":29}}]},"2":{"line":30,"type":"binary-expr","locations":[{"start":{"line":30,"column":23},"end":{"line":30,"column":37}},{"start":{"line":31,"column":20},"end":{"line":31,"column":61}},{"start":{"line":32,"column":20},"end":{"line":32,"column":70}},{"start":{"line":33,"column":20},"end":{"line":33,"column":26}}]},"3":{"line":37,"type":"cond-expr","locations":[{"start":{"line":38,"column":14},"end":{"line":38,"column":20}},{"start":{"line":39,"column":14},"end":{"line":39,"column":20}}]},"4":{"line":40,"type":"switch","locations":[{"start":{"line":42,"column":8},"end":{"line":47,"column":18}},{"start":{"line":49,"column":8},"end":{"line":52,"column":18}}]},"5":{"line":44,"type":"binary-expr","locations":[{"start":{"line":44,"column":16},"end":{"line":44,"column":44}},{"start":{"line":44,"column":48},"end":{"line":44,"column":66}}]},"6":{"line":50,"type":"binary-expr","locations":[{"start":{"line":50,"column":21},"end":{"line":50,"column":49}},{"start":{"line":50,"column":53},"end":{"line":50,"column":72}}]},"7":{"line":64,"type":"switch","locations":[{"start":{"line":69,"column":4},"end":{"line":70,"column":14}},{"start":{"line":75,"column":4},"end":{"line":76,"column":14}}]},"8":{"line":85,"type":"switch","locations":[{"start":{"line":90,"column":4},"end":{"line":105,"column":14}},{"start":{"line":111,"column":4},"end":{"line":193,"column":14},"skip":true}]},"9":{"line":91,"type":"binary-expr","locations":[{"start":{"line":91,"column":42},"end":{"line":91,"column":73}},{"start":{"line":91,"column":77},"end":{"line":99,"column":9}}]},"10":{"line":102,"type":"binary-expr","locations":[{"start":{"line":102,"column":18},"end":{"line":102,"column":32}},{"start":{"line":103,"column":12},"end":{"line":103,"column":53}},{"start":{"line":104,"column":12},"end":{"line":104,"column":61}}]},"11":{"line":112,"type":"binary-expr","locations":[{"start":{"line":112,"column":45},"end":{"line":112,"column":79},"skip":true},{"start":{"line":112,"column":83},"end":{"line":121,"column":9},"skip":true}]},"12":{"line":123,"type":"binary-expr","locations":[{"start":{"line":123,"column":42},"end":{"line":123,"column":73},"skip":true},{"start":{"line":123,"column":77},"end":{"line":136,"column":9},"skip":true}]},"13":{"line":138,"type":"binary-expr","locations":[{"start":{"line":138,"column":48},"end":{"line":138,"column":85},"skip":true},{"start":{"line":139,"column":12},"end":{"line":145,"column":13},"skip":true}]},"14":{"line":147,"type":"binary-expr","locations":[{"start":{"line":147,"column":42},"end":{"line":147,"column":73},"skip":true},{"start":{"line":147,"column":77},"end":{"line":156,"column":9},"skip":true}]},"15":{"line":158,"type":"binary-expr","locations":[{"start":{"line":158,"column":45},"end":{"line":158,"column":79},"skip":true},{"start":{"line":158,"column":83},"end":{"line":167,"column":9},"skip":true}]},"16":{"line":169,"type":"binary-expr","locations":[{"start":{"line":169,"column":43},"end":{"line":169,"column":75},"skip":true},{"start":{"line":169,"column":79},"end":{"line":178,"column":9},"skip":true}]},"17":{"line":180,"type":"binary-expr","locations":[{"start":{"line":180,"column":41},"end":{"line":180,"column":71},"skip":true},{"start":{"line":180,"column":75},"end":{"line":189,"column":9},"skip":true}]}},"code":["/* istanbul instrument in package npmtest_patrun */","/*jslint","    bitwise: true,","    browser: true,","    maxerr: 8,","    maxlen: 96,","    node: true,","    nomen: true,","    regexp: true,","    stupid: true","*/","(function () {","    'use strict';","    var local;","","","","    // run shared js-env code - pre-init","    (function () {","        // init local","        local = {};","        // init modeJs","        local.modeJs = (function () {","            try {","                return typeof navigator.userAgent === 'string' &&","                    typeof document.querySelector('body') === 'object' &&","                    typeof XMLHttpRequest.prototype.open === 'function' &&","                    'browser';","            } catch (errorCaughtBrowser) {","                return module.exports &&","                    typeof process.versions.node === 'string' &&","                    typeof require('http').createServer === 'function' &&","                    'node';","            }","        }());","        // init global","        local.global = local.modeJs === 'browser'","            ? window","            : global;","        switch (local.modeJs) {","        // re-init local from window.local","        case 'browser':","            local = local.global.utility2.objectSetDefault(","                local.global.utility2_rollup || local.global.local,","                local.global.utility2","            );","            break;","        // re-init local from example.js","        case 'node':","            local = (local.global.utility2_rollup || require('utility2'))","                .requireExampleJsFromReadme();","            break;","        }","        // export local","        local.global.local = local;","    }());","","","","    // run shared js-env code - function","    (function () {","        return;","    }());","    switch (local.modeJs) {","","","","    // run browser js-env code - function","    case 'browser':","        break;","","","","    // run node js-env code - function","    case 'node':","        break;","    }","","","","    // run shared js-env code - post-init","    (function () {","        return;","    }());","    switch (local.modeJs) {","","","","    // run browser js-env code - post-init","    case 'browser':","        local.testCase_browser_nullCase = local.testCase_browser_nullCase || function (","            options,","            onError","        ) {","        /*","         * this function will test browsers's null-case handling-behavior-behavior","         */","            onError(null, options);","        };","","        // run tests","        local.nop(local.modeTest &&","            document.querySelector('#testRunButton1') &&","            document.querySelector('#testRunButton1').click());","        break;","","","","    // run node js-env code - post-init","    /* istanbul ignore next */","    case 'node':","        local.testCase_buildApidoc_default = local.testCase_buildApidoc_default || function (","            options,","            onError","        ) {","        /*","         * this function will test buildApidoc's default handling-behavior-behavior","         */","            options = { modulePathList: module.paths };","            local.buildApidoc(options, onError);","        };","","        local.testCase_buildApp_default = local.testCase_buildApp_default || function (","            options,","            onError","        ) {","        /*","         * this function will test buildApp's default handling-behavior-behavior","         */","            local.testCase_buildReadme_default(options, local.onErrorThrow);","            local.testCase_buildLib_default(options, local.onErrorThrow);","            local.testCase_buildTest_default(options, local.onErrorThrow);","            local.testCase_buildCustomOrg_default(options, local.onErrorThrow);","            options = [];","            local.buildApp(options, onError);","        };","","        local.testCase_buildCustomOrg_default = local.testCase_buildCustomOrg_default ||","            function (options, onError) {","            /*","             * this function will test buildCustomOrg's default handling-behavior","             */","                options = {};","                local.buildCustomOrg(options, onError);","            };","","        local.testCase_buildLib_default = local.testCase_buildLib_default || function (","            options,","            onError","        ) {","        /*","         * this function will test buildLib's default handling-behavior","         */","            options = {};","            local.buildLib(options, onError);","        };","","        local.testCase_buildReadme_default = local.testCase_buildReadme_default || function (","            options,","            onError","        ) {","        /*","         * this function will test buildReadme's default handling-behavior-behavior","         */","            options = {};","            local.buildReadme(options, onError);","        };","","        local.testCase_buildTest_default = local.testCase_buildTest_default || function (","            options,","            onError","        ) {","        /*","         * this function will test buildTest's default handling-behavior","         */","            options = {};","            local.buildTest(options, onError);","        };","","        local.testCase_webpage_default = local.testCase_webpage_default || function (","            options,","            onError","        ) {","        /*","         * this function will test webpage's default handling-behavior","         */","            options = { modeCoverageMerge: true, url: local.serverLocalHost + '?modeTest=1' };","            local.browserTest(options, onError);","        };","","        // run test-server","        local.testRunServer(local);","        break;","    }","}());",""],"l":{"12":2,"14":2,"19":2,"21":2,"23":2,"24":2,"25":2,"30":1,"37":2,"40":2,"43":1,"47":1,"50":1,"52":1,"55":2,"61":2,"62":2,"64":2,"70":1,"76":1,"82":2,"83":2,"85":2,"91":1,"98":1,"102":1,"105":1,"112":1,"119":1,"120":1,"123":1,"130":1,"131":1,"132":1,"133":1,"134":1,"135":1,"138":1,"143":2,"144":2,"147":1,"154":2,"155":2,"158":1,"165":2,"166":2,"169":1,"176":2,"177":2,"180":1,"187":1,"188":1,"192":1,"193":1}},"/home/travis/build/npmtest/node-npmtest-patrun/lib.npmtest_patrun.js":{"path":"/home/travis/build/npmtest/node-npmtest-patrun/lib.npmtest_patrun.js","s":{"1":2,"2":2,"3":2,"4":2,"5":2,"6":2,"7":2,"8":1,"9":2,"10":2,"11":2,"12":2,"13":1,"14":1,"15":1,"16":1},"b":{"1":[2,1,1,1],"2":[1,1,1,1],"3":[1,1],"4":[2,2],"5":[1,1]},"f":{"1":2,"2":2,"3":2},"fnMap":{"1":{"name":"(anonymous_1)","line":12,"loc":{"start":{"line":12,"column":1},"end":{"line":12,"column":13}}},"2":{"name":"(anonymous_2)","line":19,"loc":{"start":{"line":19,"column":5},"end":{"line":19,"column":17}}},"3":{"name":"(anonymous_3)","line":23,"loc":{"start":{"line":23,"column":24},"end":{"line":23,"column":36}}}},"statementMap":{"1":{"start":{"line":12,"column":0},"end":{"line":53,"column":5}},"2":{"start":{"line":14,"column":4},"end":{"line":14,"column":14}},"3":{"start":{"line":19,"column":4},"end":{"line":52,"column":9}},"4":{"start":{"line":21,"column":8},"end":{"line":21,"column":19}},"5":{"start":{"line":23,"column":8},"end":{"line":35,"column":13}},"6":{"start":{"line":24,"column":12},"end":{"line":34,"column":13}},"7":{"start":{"line":25,"column":16},"end":{"line":28,"column":30}},"8":{"start":{"line":30,"column":16},"end":{"line":33,"column":27}},"9":{"start":{"line":37,"column":8},"end":{"line":39,"column":21}},"10":{"start":{"line":41,"column":8},"end":{"line":41,"column":54}},"11":{"start":{"line":43,"column":8},"end":{"line":43,"column":51}},"12":{"start":{"line":45,"column":8},"end":{"line":51,"column":9}},"13":{"start":{"line":46,"column":12},"end":{"line":46,"column":57}},"14":{"start":{"line":48,"column":12},"end":{"line":48,"column":35}},"15":{"start":{"line":49,"column":12},"end":{"line":49,"column":49}},"16":{"start":{"line":50,"column":12},"end":{"line":50,"column":43}}},"branchMap":{"1":{"line":25,"type":"binary-expr","locations":[{"start":{"line":25,"column":23},"end":{"line":25,"column":62}},{"start":{"line":26,"column":20},"end":{"line":26,"column":70}},{"start":{"line":27,"column":20},"end":{"line":27,"column":71}},{"start":{"line":28,"column":20},"end":{"line":28,"column":29}}]},"2":{"line":30,"type":"binary-expr","locations":[{"start":{"line":30,"column":23},"end":{"line":30,"column":37}},{"start":{"line":31,"column":20},"end":{"line":31,"column":61}},{"start":{"line":32,"column":20},"end":{"line":32,"column":70}},{"start":{"line":33,"column":20},"end":{"line":33,"column":26}}]},"3":{"line":37,"type":"cond-expr","locations":[{"start":{"line":38,"column":14},"end":{"line":38,"column":20}},{"start":{"line":39,"column":14},"end":{"line":39,"column":20}}]},"4":{"line":41,"type":"binary-expr","locations":[{"start":{"line":41,"column":16},"end":{"line":41,"column":44}},{"start":{"line":41,"column":48},"end":{"line":41,"column":53}}]},"5":{"line":45,"type":"if","locations":[{"start":{"line":45,"column":8},"end":{"line":45,"column":8}},{"start":{"line":45,"column":8},"end":{"line":45,"column":8}}]}},"code":["/* istanbul instrument in package npmtest_patrun */","/*jslint","    bitwise: true,","    browser: true,","    maxerr: 8,","    maxlen: 96,","    node: true,","    nomen: true,","    regexp: true,","    stupid: true","*/","(function () {","    'use strict';","    var local;","","","","    // run shared js-env code - pre-init","    (function () {","        // init local","        local = {};","        // init modeJs","        local.modeJs = (function () {","            try {","                return typeof navigator.userAgent === 'string' &&","                    typeof document.querySelector('body') === 'object' &&","                    typeof XMLHttpRequest.prototype.open === 'function' &&","                    'browser';","            } catch (errorCaughtBrowser) {","                return module.exports &&","                    typeof process.versions.node === 'string' &&","                    typeof require('http').createServer === 'function' &&","                    'node';","            }","        }());","        // init global","        local.global = local.modeJs === 'browser'","            ? window","            : global;","        // init utility2_rollup","        local = local.global.utility2_rollup || local;","        // init lib","        local.local = local.npmtest_patrun = local;","        // init exports","        if (local.modeJs === 'browser') {","            local.global.utility2_npmtest_patrun = local;","        } else {","            module.exports = local;","            module.exports.__dirname = __dirname;","            module.exports.module = module;","        }","    }());","}());",""],"l":{"12":2,"14":2,"19":2,"21":2,"23":2,"24":2,"25":2,"30":1,"37":2,"41":2,"43":2,"45":2,"46":1,"48":1,"49":1,"50":1}},"/home/travis/build/npmtest/node-npmtest-patrun/example.js":{"path":"/home/travis/build/npmtest/node-npmtest-patrun/example.js","s":{"1":2,"2":2,"3":2,"4":2,"5":2,"6":2,"7":2,"8":1,"9":2,"10":2,"11":2,"12":2,"13":1,"14":2,"15":2,"16":2,"17":2,"18":2,"19":0,"20":2,"21":1,"22":1,"23":1,"24":1,"25":1,"26":0,"27":0,"28":1,"29":1,"30":2,"31":0,"32":0,"33":0,"34":1,"35":2,"36":2,"37":3,"38":3,"39":3,"40":3,"41":0,"42":3,"43":3,"44":3,"45":1,"46":3,"47":1,"48":1,"49":1,"50":1,"51":1,"52":1,"53":1,"54":1,"55":1,"56":1,"57":0,"58":1,"59":6,"60":6,"61":1,"62":2,"63":0,"64":2,"65":1,"66":1,"67":0,"68":0,"69":0,"70":0,"71":0,"72":0,"73":0,"74":0,"75":0,"76":0,"77":0,"78":0,"79":0,"80":0,"81":0,"82":0,"83":0},"b":{"1":[2,1,1,1],"2":[1,1,1,1],"3":[1,1],"4":[2,2],"5":[1,1],"6":[1,1],"7":[2,0],"8":[2,1,1,1,1,1],"9":[0,2,0],"10":[1,1],"11":[2,1,1],"12":[1,0],"13":[0,2],"14":[2,0,0,0,0,0,0],"15":[0,3],"16":[3,0],"17":[1,1],"18":[0,1],"19":[1,2,0,2],"20":[1,0],"21":[1,1],"22":[0,0],"23":[0,0],"24":[0,0],"25":[0,0],"26":[0,0],"27":[0,0],"28":[0,0]},"f":{"1":2,"2":2,"3":2,"4":2,"5":2,"6":2,"7":3,"8":3,"9":3,"10":1,"11":6,"12":0},"fnMap":{"1":{"name":"(anonymous_1)","line":26,"loc":{"start":{"line":26,"column":1},"end":{"line":26,"column":13}}},"2":{"name":"(anonymous_2)","line":33,"loc":{"start":{"line":33,"column":5},"end":{"line":33,"column":17}}},"3":{"name":"(anonymous_3)","line":37,"loc":{"start":{"line":37,"column":24},"end":{"line":37,"column":36}}},"4":{"name":"(anonymous_4)","line":69,"loc":{"start":{"line":69,"column":31},"end":{"line":69,"column":48}},"skip":true},"5":{"name":"(anonymous_5)","line":78,"loc":{"start":{"line":78,"column":26},"end":{"line":78,"column":45}},"skip":true},"6":{"name":"(anonymous_6)","line":123,"loc":{"start":{"line":123,"column":33},"end":{"line":123,"column":48}},"skip":true},"7":{"name":"(anonymous_7)","line":125,"loc":{"start":{"line":125,"column":27},"end":{"line":125,"column":39}},"skip":true},"8":{"name":"(anonymous_8)","line":133,"loc":{"start":{"line":133,"column":59},"end":{"line":133,"column":74}},"skip":true},"9":{"name":"(anonymous_9)","line":143,"loc":{"start":{"line":143,"column":45},"end":{"line":143,"column":62}},"skip":true},"10":{"name":"(anonymous_10)","line":144,"loc":{"start":{"line":144,"column":73},"end":{"line":144,"column":92}},"skip":true},"11":{"name":"(anonymous_11)","line":272,"loc":{"start":{"line":272,"column":51},"end":{"line":272,"column":77}},"skip":true},"12":{"name":"(anonymous_12)","line":315,"loc":{"start":{"line":315,"column":32},"end":{"line":315,"column":61}},"skip":true}},"statementMap":{"1":{"start":{"line":26,"column":0},"end":{"line":326,"column":5}},"2":{"start":{"line":28,"column":4},"end":{"line":28,"column":14}},"3":{"start":{"line":33,"column":4},"end":{"line":60,"column":9}},"4":{"start":{"line":35,"column":8},"end":{"line":35,"column":19}},"5":{"start":{"line":37,"column":8},"end":{"line":49,"column":13}},"6":{"start":{"line":38,"column":12},"end":{"line":48,"column":13}},"7":{"start":{"line":39,"column":16},"end":{"line":42,"column":30}},"8":{"start":{"line":44,"column":16},"end":{"line":47,"column":27}},"9":{"start":{"line":51,"column":8},"end":{"line":53,"column":21}},"10":{"start":{"line":55,"column":8},"end":{"line":57,"column":45}},"11":{"start":{"line":59,"column":8},"end":{"line":59,"column":35}},"12":{"start":{"line":61,"column":4},"end":{"line":325,"column":5}},"13":{"start":{"line":69,"column":8},"end":{"line":121,"column":10},"skip":true},"14":{"start":{"line":70,"column":12},"end":{"line":88,"column":13},"skip":true},"15":{"start":{"line":76,"column":16},"end":{"line":87,"column":19},"skip":true},"16":{"start":{"line":79,"column":20},"end":{"line":86,"column":21},"skip":true},"17":{"start":{"line":82,"column":24},"end":{"line":82,"column":43},"skip":true},"18":{"start":{"line":83,"column":24},"end":{"line":83,"column":30},"skip":true},"19":{"start":{"line":85,"column":24},"end":{"line":85,"column":49},"skip":true},"20":{"start":{"line":89,"column":12},"end":{"line":107,"column":13},"skip":true},"21":{"start":{"line":92,"column":16},"end":{"line":102,"column":17},"skip":true},"22":{"start":{"line":93,"column":20},"end":{"line":93,"column":86},"skip":true},"23":{"start":{"line":94,"column":20},"end":{"line":95,"column":45},"skip":true},"24":{"start":{"line":96,"column":20},"end":{"line":96,"column":42},"skip":true},"25":{"start":{"line":97,"column":20},"end":{"line":97,"column":48},"skip":true},"26":{"start":{"line":100,"column":20},"end":{"line":100,"column":85},"skip":true},"27":{"start":{"line":101,"column":20},"end":{"line":101,"column":96},"skip":true},"28":{"start":{"line":103,"column":16},"end":{"line":103,"column":22},"skip":true},"29":{"start":{"line":106,"column":16},"end":{"line":106,"column":22},"skip":true},"30":{"start":{"line":108,"column":12},"end":{"line":120,"column":13},"skip":true},"31":{"start":{"line":114,"column":16},"end":{"line":119,"column":17},"skip":true},"32":{"start":{"line":116,"column":20},"end":{"line":116,"column":78},"skip":true},"33":{"start":{"line":118,"column":20},"end":{"line":118,"column":47},"skip":true},"34":{"start":{"line":123,"column":8},"end":{"line":141,"column":11},"skip":true},"35":{"start":{"line":124,"column":12},"end":{"line":124,"column":54},"skip":true},"36":{"start":{"line":125,"column":12},"end":{"line":140,"column":14},"skip":true},"37":{"start":{"line":126,"column":16},"end":{"line":126,"column":28},"skip":true},"38":{"start":{"line":127,"column":16},"end":{"line":127,"column":69},"skip":true},"39":{"start":{"line":128,"column":16},"end":{"line":128,"column":75},"skip":true},"40":{"start":{"line":129,"column":16},"end":{"line":131,"column":17},"skip":true},"41":{"start":{"line":130,"column":20},"end":{"line":130,"column":27},"skip":true},"42":{"start":{"line":133,"column":16},"end":{"line":137,"column":36},"skip":true},"43":{"start":{"line":134,"column":20},"end":{"line":136,"column":55},"skip":true},"44":{"start":{"line":139,"column":16},"end":{"line":139,"column":57},"skip":true},"45":{"start":{"line":143,"column":8},"end":{"line":147,"column":11},"skip":true},"46":{"start":{"line":144,"column":12},"end":{"line":146,"column":15},"skip":true},"47":{"start":{"line":145,"column":16},"end":{"line":145,"column":70},"skip":true},"48":{"start":{"line":149,"column":8},"end":{"line":149,"column":31},"skip":true},"49":{"start":{"line":150,"column":8},"end":{"line":150,"column":14},"skip":true},"50":{"start":{"line":158,"column":8},"end":{"line":158,"column":31},"skip":true},"51":{"start":{"line":160,"column":8},"end":{"line":160,"column":33},"skip":true},"52":{"start":{"line":161,"column":8},"end":{"line":161,"column":37},"skip":true},"53":{"start":{"line":162,"column":8},"end":{"line":162,"column":35},"skip":true},"54":{"start":{"line":164,"column":8},"end":{"line":164,"column":50},"skip":true},"55":{"start":{"line":166,"column":8},"end":{"line":256,"column":2},"skip":true},"56":{"start":{"line":258,"column":8},"end":{"line":286,"column":9},"skip":true},"57":{"start":{"line":259,"column":12},"end":{"line":269,"column":14},"skip":true},"58":{"start":{"line":271,"column":12},"end":{"line":285,"column":19},"skip":true},"59":{"start":{"line":274,"column":20},"end":{"line":274,"column":35},"skip":true},"60":{"start":{"line":275,"column":20},"end":{"line":284,"column":21},"skip":true},"61":{"start":{"line":277,"column":24},"end":{"line":277,"column":64},"skip":true},"62":{"start":{"line":279,"column":24},"end":{"line":279,"column":40},"skip":true},"63":{"start":{"line":281,"column":24},"end":{"line":281,"column":40},"skip":true},"64":{"start":{"line":283,"column":24},"end":{"line":283,"column":39},"skip":true},"65":{"start":{"line":288,"column":8},"end":{"line":290,"column":9},"skip":true},"66":{"start":{"line":289,"column":12},"end":{"line":289,"column":18},"skip":true},"67":{"start":{"line":291,"column":8},"end":{"line":293,"column":54},"skip":true},"68":{"start":{"line":296,"column":8},"end":{"line":301,"column":37},"skip":true},"69":{"start":{"line":303,"column":8},"end":{"line":303,"column":82},"skip":true},"70":{"start":{"line":306,"column":8},"end":{"line":308,"column":9},"skip":true},"71":{"start":{"line":307,"column":12},"end":{"line":307,"column":82},"skip":true},"72":{"start":{"line":310,"column":8},"end":{"line":312,"column":9},"skip":true},"73":{"start":{"line":311,"column":12},"end":{"line":311,"column":18},"skip":true},"74":{"start":{"line":313,"column":8},"end":{"line":313,"column":54},"skip":true},"75":{"start":{"line":314,"column":8},"end":{"line":314,"column":69},"skip":true},"76":{"start":{"line":315,"column":8},"end":{"line":323,"column":36},"skip":true},"77":{"start":{"line":316,"column":12},"end":{"line":316,"column":61},"skip":true},"78":{"start":{"line":317,"column":12},"end":{"line":320,"column":13},"skip":true},"79":{"start":{"line":318,"column":16},"end":{"line":318,"column":75},"skip":true},"80":{"start":{"line":319,"column":16},"end":{"line":319,"column":23},"skip":true},"81":{"start":{"line":321,"column":12},"end":{"line":321,"column":38},"skip":true},"82":{"start":{"line":322,"column":12},"end":{"line":322,"column":27},"skip":true},"83":{"start":{"line":324,"column":8},"end":{"line":324,"column":14},"skip":true}},"branchMap":{"1":{"line":39,"type":"binary-expr","locations":[{"start":{"line":39,"column":23},"end":{"line":39,"column":62}},{"start":{"line":40,"column":20},"end":{"line":40,"column":70}},{"start":{"line":41,"column":20},"end":{"line":41,"column":71}},{"start":{"line":42,"column":20},"end":{"line":42,"column":29}}]},"2":{"line":44,"type":"binary-expr","locations":[{"start":{"line":44,"column":23},"end":{"line":44,"column":37}},{"start":{"line":45,"column":20},"end":{"line":45,"column":61}},{"start":{"line":46,"column":20},"end":{"line":46,"column":70}},{"start":{"line":47,"column":20},"end":{"line":47,"column":26}}]},"3":{"line":51,"type":"cond-expr","locations":[{"start":{"line":52,"column":14},"end":{"line":52,"column":20}},{"start":{"line":53,"column":14},"end":{"line":53,"column":20}}]},"4":{"line":55,"type":"binary-expr","locations":[{"start":{"line":55,"column":16},"end":{"line":55,"column":44}},{"start":{"line":55,"column":49},"end":{"line":57,"column":43}}]},"5":{"line":55,"type":"cond-expr","locations":[{"start":{"line":56,"column":14},"end":{"line":56,"column":50}},{"start":{"line":57,"column":14},"end":{"line":57,"column":43}}]},"6":{"line":61,"type":"switch","locations":[{"start":{"line":68,"column":4},"end":{"line":150,"column":14},"skip":true},{"start":{"line":156,"column":4},"end":{"line":324,"column":14},"skip":true}]},"7":{"line":70,"type":"if","locations":[{"start":{"line":70,"column":12},"end":{"line":70,"column":12},"skip":true},{"start":{"line":70,"column":12},"end":{"line":70,"column":12},"skip":true}]},"8":{"line":70,"type":"binary-expr","locations":[{"start":{"line":70,"column":16},"end":{"line":70,"column":22},"skip":true},{"start":{"line":70,"column":27},"end":{"line":70,"column":32},"skip":true},{"start":{"line":71,"column":20},"end":{"line":71,"column":39},"skip":true},{"start":{"line":72,"column":20},"end":{"line":72,"column":49},"skip":true},{"start":{"line":73,"column":20},"end":{"line":73,"column":58},"skip":true},{"start":{"line":74,"column":20},"end":{"line":74,"column":69},"skip":true}]},"9":{"line":79,"type":"switch","locations":[{"start":{"line":80,"column":20},"end":{"line":80,"column":33},"skip":true},{"start":{"line":81,"column":20},"end":{"line":83,"column":30},"skip":true},{"start":{"line":84,"column":20},"end":{"line":85,"column":49},"skip":true}]},"10":{"line":89,"type":"switch","locations":[{"start":{"line":90,"column":12},"end":{"line":103,"column":22},"skip":true},{"start":{"line":105,"column":12},"end":{"line":106,"column":22},"skip":true}]},"11":{"line":89,"type":"binary-expr","locations":[{"start":{"line":89,"column":20},"end":{"line":89,"column":25},"skip":true},{"start":{"line":89,"column":29},"end":{"line":89,"column":48},"skip":true},{"start":{"line":89,"column":52},"end":{"line":89,"column":74},"skip":true}]},"12":{"line":92,"type":"if","locations":[{"start":{"line":92,"column":16},"end":{"line":92,"column":16},"skip":true},{"start":{"line":92,"column":16},"end":{"line":92,"column":16},"skip":true}]},"13":{"line":108,"type":"if","locations":[{"start":{"line":108,"column":12},"end":{"line":108,"column":12},"skip":true},{"start":{"line":108,"column":12},"end":{"line":108,"column":12},"skip":true}]},"14":{"line":108,"type":"binary-expr","locations":[{"start":{"line":108,"column":16},"end":{"line":108,"column":61},"skip":true},{"start":{"line":108,"column":66},"end":{"line":108,"column":72},"skip":true},{"start":{"line":108,"column":77},"end":{"line":108,"column":82},"skip":true},{"start":{"line":109,"column":20},"end":{"line":109,"column":39},"skip":true},{"start":{"line":110,"column":20},"end":{"line":110,"column":49},"skip":true},{"start":{"line":111,"column":20},"end":{"line":111,"column":58},"skip":true},{"start":{"line":112,"column":20},"end":{"line":112,"column":68},"skip":true}]},"15":{"line":129,"type":"if","locations":[{"start":{"line":129,"column":16},"end":{"line":129,"column":16},"skip":true},{"start":{"line":129,"column":16},"end":{"line":129,"column":16},"skip":true}]},"16":{"line":134,"type":"cond-expr","locations":[{"start":{"line":135,"column":26},"end":{"line":135,"column":29},"skip":true},{"start":{"line":136,"column":26},"end":{"line":136,"column":54},"skip":true}]},"17":{"line":164,"type":"binary-expr","locations":[{"start":{"line":164,"column":27},"end":{"line":164,"column":43},"skip":true},{"start":{"line":164,"column":47},"end":{"line":164,"column":49},"skip":true}]},"18":{"line":258,"type":"if","locations":[{"start":{"line":258,"column":8},"end":{"line":258,"column":8},"skip":true},{"start":{"line":258,"column":8},"end":{"line":258,"column":8},"skip":true}]},"19":{"line":275,"type":"switch","locations":[{"start":{"line":276,"column":20},"end":{"line":277,"column":64},"skip":true},{"start":{"line":278,"column":20},"end":{"line":279,"column":40},"skip":true},{"start":{"line":280,"column":20},"end":{"line":281,"column":40},"skip":true},{"start":{"line":282,"column":20},"end":{"line":283,"column":39},"skip":true}]},"20":{"line":288,"type":"if","locations":[{"start":{"line":288,"column":8},"end":{"line":288,"column":8},"skip":true},{"start":{"line":288,"column":8},"end":{"line":288,"column":8},"skip":true}]},"21":{"line":288,"type":"binary-expr","locations":[{"start":{"line":288,"column":12},"end":{"line":288,"column":40},"skip":true},{"start":{"line":288,"column":44},"end":{"line":288,"column":67},"skip":true}]},"22":{"line":292,"type":"binary-expr","locations":[{"start":{"line":292,"column":12},"end":{"line":292,"column":50},"skip":true},{"start":{"line":293,"column":12},"end":{"line":293,"column":53},"skip":true}]},"23":{"line":297,"type":"binary-expr","locations":[{"start":{"line":297,"column":12},"end":{"line":297,"column":64},"skip":true},{"start":{"line":298,"column":12},"end":{"line":301,"column":36},"skip":true}]},"24":{"line":303,"type":"binary-expr","locations":[{"start":{"line":303,"column":43},"end":{"line":303,"column":75},"skip":true},{"start":{"line":303,"column":79},"end":{"line":303,"column":81},"skip":true}]},"25":{"line":306,"type":"if","locations":[{"start":{"line":306,"column":8},"end":{"line":306,"column":8},"skip":true},{"start":{"line":306,"column":8},"end":{"line":306,"column":8},"skip":true}]},"26":{"line":310,"type":"if","locations":[{"start":{"line":310,"column":8},"end":{"line":310,"column":8},"skip":true},{"start":{"line":310,"column":8},"end":{"line":310,"column":8},"skip":true}]},"27":{"line":313,"type":"binary-expr","locations":[{"start":{"line":313,"column":27},"end":{"line":313,"column":43},"skip":true},{"start":{"line":313,"column":47},"end":{"line":313,"column":53},"skip":true}]},"28":{"line":317,"type":"if","locations":[{"start":{"line":317,"column":12},"end":{"line":317,"column":12},"skip":true},{"start":{"line":317,"column":12},"end":{"line":317,"column":12},"skip":true}]}},"code":["/*","example.js","","quickstart example","","instruction","    1. save this script as example.js","    2. run the shell command:","        $ npm install npmtest-patrun && PORT=8081 node example.js","    3. play with the browser-demo on http://127.0.0.1:8081","*/","","","","/* istanbul instrument in package npmtest_patrun */","/*jslint","    bitwise: true,","    browser: true,","    maxerr: 8,","    maxlen: 96,","    node: true,","    nomen: true,","    regexp: true,","    stupid: true","*/","(function () {","    'use strict';","    var local;","","","","    // run shared js-env code - pre-init","    (function () {","        // init local","        local = {};","        // init modeJs","        local.modeJs = (function () {","            try {","                return typeof navigator.userAgent === 'string' &&","                    typeof document.querySelector('body') === 'object' &&","                    typeof XMLHttpRequest.prototype.open === 'function' &&","                    'browser';","            } catch (errorCaughtBrowser) {","                return module.exports &&","                    typeof process.versions.node === 'string' &&","                    typeof require('http').createServer === 'function' &&","                    'node';","            }","        }());","        // init global","        local.global = local.modeJs === 'browser'","            ? window","            : global;","        // init utility2_rollup","        local = local.global.utility2_rollup || (local.modeJs === 'browser'","            ? local.global.utility2_npmtest_patrun","            : global.utility2_moduleExports);","        // export local","        local.global.local = local;","    }());","    switch (local.modeJs) {","","","","    // post-init","    // run browser js-env code - post-init","    /* istanbul ignore next */","    case 'browser':","        local.testRunBrowser = function (event) {","            if (!event || (event &&","                    event.currentTarget &&","                    event.currentTarget.className &&","                    event.currentTarget.className.includes &&","                    event.currentTarget.className.includes('onreset'))) {","                // reset output","                Array.from(","                    document.querySelectorAll('body > .resettable')","                ).forEach(function (element) {","                    switch (element.tagName) {","                    case 'INPUT':","                    case 'TEXTAREA':","                        element.value = '';","                        break;","                    default:","                        element.textContent = '';","                    }","                });","            }","            switch (event && event.currentTarget && event.currentTarget.id) {","            case 'testRunButton1':","                // show tests","                if (document.querySelector('#testReportDiv1').style.display === 'none') {","                    document.querySelector('#testReportDiv1').style.display = 'block';","                    document.querySelector('#testRunButton1').textContent =","                        'hide internal test';","                    local.modeTest = true;","                    local.testRunDefault(local);","                // hide tests","                } else {","                    document.querySelector('#testReportDiv1').style.display = 'none';","                    document.querySelector('#testRunButton1').textContent = 'run internal test';","                }","                break;","            // custom-case","            default:","                break;","            }","            if (document.querySelector('#inputTextareaEval1') && (!event || (event &&","                    event.currentTarget &&","                    event.currentTarget.className &&","                    event.currentTarget.className.includes &&","                    event.currentTarget.className.includes('oneval')))) {","                // try to eval input-code","                try {","                    /*jslint evil: true*/","                    eval(document.querySelector('#inputTextareaEval1').value);","                } catch (errorCaught) {","                    console.error(errorCaught);","                }","            }","        };","        // log stderr and stdout to #outputTextareaStdout1","        ['error', 'log'].forEach(function (key) {","            console[key + '_original'] = console[key];","            console[key] = function () {","                var element;","                console[key + '_original'].apply(console, arguments);","                element = document.querySelector('#outputTextareaStdout1');","                if (!element) {","                    return;","                }","                // append text to #outputTextareaStdout1","                element.value += Array.from(arguments).map(function (arg) {","                    return typeof arg === 'string'","                        ? arg","                        : JSON.stringify(arg, null, 4);","                }).join(' ') + '\\n';","                // scroll textarea to bottom","                element.scrollTop = element.scrollHeight;","            };","        });","        // init event-handling","        ['change', 'click', 'keyup'].forEach(function (event) {","            Array.from(document.querySelectorAll('.on' + event)).forEach(function (element) {","                element.addEventListener(event, local.testRunBrowser);","            });","        });","        // run tests","        local.testRunBrowser();","        break;","","","","    // run node js-env code - post-init","    /* istanbul ignore next */","    case 'node':","        // export local","        module.exports = local;","        // require modules","        local.fs = require('fs');","        local.http = require('http');","        local.url = require('url');","        // init assets","        local.assetsDict = local.assetsDict || {};","        /* jslint-ignore-begin */","        local.assetsDict['/assets.index.template.html'] = '\\","<!doctype html>\\n\\","<html lang=\"en\">\\n\\","<head>\\n\\","<meta charset=\"UTF-8\">\\n\\","<meta name=\"viewport\" content=\"width=device-width, initial-scale=1\">\\n\\","<title>{{env.npm_package_name}} (v{{env.npm_package_version}})</title>\\n\\","<style>\\n\\","/*csslint\\n\\","    box-sizing: false,\\n\\","    universal-selector: false\\n\\","*/\\n\\","* {\\n\\","    box-sizing: border-box;\\n\\","}\\n\\","body {\\n\\","    background: #dde;\\n\\","    font-family: Arial, Helvetica, sans-serif;\\n\\","    margin: 2rem;\\n\\","}\\n\\","body > * {\\n\\","    margin-bottom: 1rem;\\n\\","}\\n\\",".utility2FooterDiv {\\n\\","    margin-top: 20px;\\n\\","    text-align: center;\\n\\","}\\n\\","</style>\\n\\","<style>\\n\\","/*csslint\\n\\","*/\\n\\","textarea {\\n\\","    font-family: monospace;\\n\\","    height: 10rem;\\n\\","    width: 100%;\\n\\","}\\n\\","textarea[readonly] {\\n\\","    background: #ddd;\\n\\","}\\n\\","</style>\\n\\","</head>\\n\\","<body>\\n\\","<!-- utility2-comment\\n\\","<div id=\"ajaxProgressDiv1\" style=\"background: #d00; height: 2px; left: 0; margin: 0; padding: 0; position: fixed; top: 0; transition: background 0.5s, width 1.5s; width: 25%;\"></div>\\n\\","utility2-comment -->\\n\\","<h1>\\n\\","<!-- utility2-comment\\n\\","    <a\\n\\","        {{#if env.npm_package_homepage}}\\n\\","        href=\"{{env.npm_package_homepage}}\"\\n\\","        {{/if env.npm_package_homepage}}\\n\\","        target=\"_blank\"\\n\\","    >\\n\\","utility2-comment -->\\n\\","        {{env.npm_package_name}} (v{{env.npm_package_version}})\\n\\","<!-- utility2-comment\\n\\","    </a>\\n\\","utility2-comment -->\\n\\","</h1>\\n\\","<h3>{{env.npm_package_description}}</h3>\\n\\","<!-- utility2-comment\\n\\","<h4><a download href=\"assets.app.js\">download standalone app</a></h4>\\n\\","<button class=\"onclick onreset\" id=\"testRunButton1\">run internal test</button><br>\\n\\","<div id=\"testReportDiv1\" style=\"display: none;\"></div>\\n\\","utility2-comment -->\\n\\","\\n\\","\\n\\","\\n\\","<label>stderr and stdout</label>\\n\\","<textarea class=\"resettable\" id=\"outputTextareaStdout1\" readonly></textarea>\\n\\","<!-- utility2-comment\\n\\","{{#if isRollup}}\\n\\","<script src=\"assets.app.js\"></script>\\n\\","{{#unless isRollup}}\\n\\","utility2-comment -->\\n\\","<script src=\"assets.utility2.rollup.js\"></script>\\n\\","<script src=\"jsonp.utility2._stateInit?callback=window.utility2._stateInit\"></script>\\n\\","<script src=\"assets.npmtest_patrun.rollup.js\"></script>\\n\\","<script src=\"assets.example.js\"></script>\\n\\","<script src=\"assets.test.js\"></script>\\n\\","<!-- utility2-comment\\n\\","{{/if isRollup}}\\n\\","utility2-comment -->\\n\\","<div class=\"utility2FooterDiv\">\\n\\","    [ this app was created with\\n\\","    <a href=\"https://github.com/kaizhu256/node-utility2\" target=\"_blank\">utility2</a>\\n\\","    ]\\n\\","</div>\\n\\","</body>\\n\\","</html>\\n\\","';","        /* jslint-ignore-end */","        if (local.templateRender) {","            local.assetsDict['/'] = local.templateRender(","                local.assetsDict['/assets.index.template.html'],","                {","                    env: local.objectSetDefault(local.env, {","                        npm_package_description: 'the greatest app in the world!',","                        npm_package_name: 'my-app',","                        npm_package_nameAlias: 'my_app',","                        npm_package_version: '0.0.1'","                    })","                }","            );","        } else {","            local.assetsDict['/'] = local.assetsDict['/assets.index.template.html']","                .replace((/\\{\\{env\\.(\\w+?)\\}\\}/g), function (match0, match1) {","                    // jslint-hack","                    String(match0);","                    switch (match1) {","                    case 'npm_package_description':","                        return 'the greatest app in the world!';","                    case 'npm_package_name':","                        return 'my-app';","                    case 'npm_package_nameAlias':","                        return 'my_app';","                    case 'npm_package_version':","                        return '0.0.1';","                    }","                });","        }","        // run the cli","        if (local.global.utility2_rollup || module !== require.main) {","            break;","        }","        local.assetsDict['/assets.example.js'] =","            local.assetsDict['/assets.example.js'] ||","            local.fs.readFileSync(__filename, 'utf8');","        // bug-workaround - long $npm_package_buildCustomOrg","        /* jslint-ignore-begin */","        local.assetsDict['/assets.npmtest_patrun.rollup.js'] =","            local.assetsDict['/assets.npmtest_patrun.rollup.js'] ||","            local.fs.readFileSync(","                local.npmtest_patrun.__dirname + '/lib.npmtest_patrun.js',","                'utf8'","            ).replace((/^#!/), '//');","        /* jslint-ignore-end */","        local.assetsDict['/favicon.ico'] = local.assetsDict['/favicon.ico'] || '';","        // if $npm_config_timeout_exit exists,","        // then exit this process after $npm_config_timeout_exit ms","        if (Number(process.env.npm_config_timeout_exit)) {","            setTimeout(process.exit, Number(process.env.npm_config_timeout_exit));","        }","        // start server","        if (local.global.utility2_serverHttp1) {","            break;","        }","        process.env.PORT = process.env.PORT || '8081';","        console.error('server starting on port ' + process.env.PORT);","        local.http.createServer(function (request, response) {","            request.urlParsed = local.url.parse(request.url);","            if (local.assetsDict[request.urlParsed.pathname] !== undefined) {","                response.end(local.assetsDict[request.urlParsed.pathname]);","                return;","            }","            response.statusCode = 404;","            response.end();","        }).listen(process.env.PORT);","        break;","    }","}());",""],"l":{"26":2,"28":2,"33":2,"35":2,"37":2,"38":2,"39":2,"44":1,"51":2,"55":2,"59":2,"61":2,"69":1,"70":2,"76":2,"79":2,"82":2,"83":2,"85":1,"89":2,"92":1,"93":1,"94":1,"96":1,"97":1,"100":1,"101":1,"103":1,"106":1,"108":2,"114":1,"116":1,"118":1,"123":1,"124":2,"125":2,"126":3,"127":3,"128":3,"129":3,"130":1,"133":3,"134":3,"139":3,"143":1,"144":3,"145":1,"149":1,"150":1,"158":1,"160":1,"161":1,"162":1,"164":1,"166":1,"258":1,"259":1,"271":1,"274":6,"275":6,"277":1,"279":2,"281":1,"283":2,"288":1,"289":1,"291":1,"296":1,"303":1,"306":1,"307":1,"310":1,"311":1,"313":1,"314":1,"315":1,"316":1,"317":1,"318":1,"319":1,"321":1,"322":1,"324":1}},"/home/travis/build/npmtest/node-npmtest-patrun/node_modules/patrun/patrun.js":{"path":"/home/travis/build/npmtest/node-npmtest-patrun/node_modules/patrun/patrun.js","s":{"1":1,"2":1,"3":1,"4":1,"5":1,"6":1,"7":0,"8":1,"9":1,"10":0,"11":1,"12":0,"13":0,"14":0,"15":0,"16":0,"17":0,"18":0,"19":0,"20":0,"21":0,"22":0,"23":0,"24":0,"25":0,"26":0,"27":0,"28":0,"29":0,"30":0,"31":0,"32":0,"33":0,"34":0,"35":0,"36":0,"37":0,"38":0,"39":0,"40":0,"41":0,"42":0,"43":0,"44":0,"45":0,"46":0,"47":0,"48":0,"49":0,"50":0,"51":0,"52":0,"53":0,"54":0,"55":0,"56":0,"57":0,"58":0,"59":0,"60":0,"61":0,"62":0,"63":0,"64":0,"65":0,"66":0,"67":0,"68":0,"69":0,"70":0,"71":0,"72":0,"73":0,"74":1,"75":0,"76":0,"77":0,"78":0,"79":0,"80":0,"81":0,"82":0,"83":0,"84":0,"85":0,"86":0,"87":0,"88":0,"89":0,"90":0,"91":0,"92":0,"93":0,"94":0,"95":0,"96":0,"97":0,"98":0,"99":0,"100":0,"101":0,"102":0,"103":0,"104":0,"105":0,"106":0,"107":0,"108":0,"109":0,"110":0,"111":0,"112":0,"113":0,"114":0,"115":0,"116":0,"117":0,"118":0,"119":0,"120":0,"121":0,"122":0,"123":0,"124":0,"125":0,"126":0,"127":0,"128":0,"129":0,"130":0,"131":0,"132":0,"133":0,"134":0,"135":0,"136":0,"137":0,"138":0,"139":0,"140":0,"141":0,"142":0,"143":0,"144":0,"145":0,"146":1,"147":0,"148":0,"149":0,"150":0,"151":0,"152":0,"153":0,"154":0,"155":0,"156":0,"157":0,"158":0,"159":0,"160":0,"161":0,"162":0,"163":0,"164":0,"165":0,"166":0,"167":0,"168":0,"169":0,"170":0,"171":0,"172":0,"173":0,"174":0,"175":0,"176":1,"177":0,"178":0,"179":0,"180":1,"181":0,"182":0,"183":0,"184":0,"185":0,"186":0,"187":0,"188":0,"189":0,"190":0,"191":0,"192":0,"193":0,"194":0,"195":0,"196":0,"197":0,"198":0,"199":0,"200":0,"201":0,"202":0,"203":0,"204":0,"205":0,"206":0,"207":0,"208":0,"209":0,"210":0,"211":0,"212":0,"213":0,"214":0,"215":0,"216":0,"217":0,"218":0,"219":0,"220":0,"221":0,"222":0,"223":1,"224":1,"225":1,"226":1,"227":0},"b":{"1":[1,1,1],"2":[0,1],"3":[1,1,1],"4":[0,1],"5":[0,0],"6":[0,0],"7":[0,0],"8":[0,0],"9":[0,0],"10":[0,0],"11":[0,0],"12":[0,0],"13":[0,0],"14":[0,0],"15":[0,0],"16":[0,0],"17":[0,0],"18":[0,0],"19":[0,0],"20":[0,0],"21":[0,0],"22":[0,0],"23":[0,0],"24":[0,0],"25":[0,0],"26":[0,0],"27":[0,0],"28":[0,0],"29":[0,0],"30":[0,0],"31":[0,0],"32":[0,0],"33":[0,0],"34":[0,0],"35":[0,0,0,0],"36":[0,0],"37":[0,0],"38":[0,0],"39":[0,0],"40":[0,0],"41":[0,0,0],"42":[0,0],"43":[0,0],"44":[0,0],"45":[0,0],"46":[0,0],"47":[0,0],"48":[0,0],"49":[0,0],"50":[0,0],"51":[0,0,0],"52":[0,0],"53":[0,0],"54":[0,0],"55":[0,0],"56":[0,0],"57":[0,0],"58":[0,0],"59":[0,0],"60":[0,0,0],"61":[0,0],"62":[0,0],"63":[0,0],"64":[0,0],"65":[0,0],"66":[0,0],"67":[0,0],"68":[0,0],"69":[0,0],"70":[0,0],"71":[0,0],"72":[0,0],"73":[0,0],"74":[1,0],"75":[1,0],"76":[1,1]},"f":{"1":1,"2":0,"3":0,"4":0,"5":0,"6":0,"7":0,"8":0,"9":0,"10":0,"11":0,"12":0,"13":0,"14":0,"15":0,"16":0,"17":0,"18":0,"19":0,"20":0},"fnMap":{"1":{"name":"(anonymous_1)","line":3,"loc":{"start":{"line":3,"column":2},"end":{"line":3,"column":13}}},"2":{"name":"(anonymous_2)","line":21,"loc":{"start":{"line":21,"column":29},"end":{"line":21,"column":48}}},"3":{"name":"(anonymous_3)","line":28,"loc":{"start":{"line":28,"column":22},"end":{"line":28,"column":33}}},"4":{"name":"(anonymous_4)","line":34,"loc":{"start":{"line":34,"column":15},"end":{"line":34,"column":37}}},"5":{"name":"(anonymous_5)","line":42,"loc":{"start":{"line":42,"column":19},"end":{"line":42,"column":32}}},"6":{"name":"add_gexer","line":117,"loc":{"start":{"line":117,"column":4},"end":{"line":117,"column":45}}},"7":{"name":"(anonymous_7)","line":123,"loc":{"start":{"line":123,"column":15},"end":{"line":123,"column":29}}},"8":{"name":"(anonymous_8)","line":129,"loc":{"start":{"line":129,"column":21},"end":{"line":129,"column":37}}},"9":{"name":"(anonymous_9)","line":134,"loc":{"start":{"line":134,"column":16},"end":{"line":134,"column":39}}},"10":{"name":"(anonymous_10)","line":209,"loc":{"start":{"line":209,"column":18},"end":{"line":209,"column":34}}},"11":{"name":"(anonymous_11)","line":249,"loc":{"start":{"line":249,"column":16},"end":{"line":249,"column":39}}},"12":{"name":"descend","line":250,"loc":{"start":{"line":250,"column":6},"end":{"line":250,"column":49}}},"13":{"name":"(anonymous_13)","line":321,"loc":{"start":{"line":321,"column":20},"end":{"line":321,"column":31}}},"14":{"name":"(anonymous_14)","line":324,"loc":{"start":{"line":324,"column":64},"end":{"line":324,"column":76}}},"15":{"name":"indent","line":329,"loc":{"start":{"line":329,"column":6},"end":{"line":329,"column":27}}},"16":{"name":"walk","line":337,"loc":{"start":{"line":337,"column":6},"end":{"line":337,"column":29}}},"17":{"name":"(anonymous_17)","line":353,"loc":{"start":{"line":353,"column":32},"end":{"line":353,"column":43}}},"18":{"name":"(anonymous_18)","line":354,"loc":{"start":{"line":354,"column":32},"end":{"line":354,"column":43}}},"19":{"name":"(anonymous_19)","line":391,"loc":{"start":{"line":391,"column":18},"end":{"line":391,"column":35}}},"20":{"name":"(anonymous_20)","line":392,"loc":{"start":{"line":392,"column":32},"end":{"line":392,"column":49}}}},"statementMap":{"1":{"start":{"line":3,"column":1},"end":{"line":414,"column":14}},"2":{"start":{"line":7,"column":2},"end":{"line":7,"column":28}},"3":{"start":{"line":8,"column":2},"end":{"line":8,"column":35}},"4":{"start":{"line":9,"column":2},"end":{"line":9,"column":54}},"5":{"start":{"line":12,"column":2},"end":{"line":12,"column":52}},"6":{"start":{"line":13,"column":2},"end":{"line":14,"column":78}},"7":{"start":{"line":14,"column":4},"end":{"line":14,"column":78}},"8":{"start":{"line":16,"column":2},"end":{"line":16,"column":53}},"9":{"start":{"line":17,"column":2},"end":{"line":18,"column":79}},"10":{"start":{"line":18,"column":4},"end":{"line":18,"column":79}},"11":{"start":{"line":21,"column":2},"end":{"line":400,"column":3}},"12":{"start":{"line":22,"column":4},"end":{"line":22,"column":25}},"13":{"start":{"line":24,"column":4},"end":{"line":24,"column":17}},"14":{"start":{"line":25,"column":4},"end":{"line":25,"column":17}},"15":{"start":{"line":28,"column":4},"end":{"line":31,"column":5}},"16":{"start":{"line":29,"column":6},"end":{"line":29,"column":36}},"17":{"start":{"line":30,"column":6},"end":{"line":30,"column":18}},"18":{"start":{"line":34,"column":4},"end":{"line":114,"column":5}},"19":{"start":{"line":35,"column":6},"end":{"line":35,"column":24}},"20":{"start":{"line":37,"column":6},"end":{"line":37,"column":79}},"21":{"start":{"line":40,"column":6},"end":{"line":40,"column":54}},"22":{"start":{"line":42,"column":6},"end":{"line":50,"column":8}},"23":{"start":{"line":43,"column":8},"end":{"line":43,"column":26}},"24":{"start":{"line":44,"column":8},"end":{"line":44,"column":33}},"25":{"start":{"line":44,"column":26},"end":{"line":44,"column":33}},"26":{"start":{"line":46,"column":8},"end":{"line":46,"column":25}},"27":{"start":{"line":47,"column":8},"end":{"line":47,"column":23}},"28":{"start":{"line":49,"column":8},"end":{"line":49,"column":76}},"29":{"start":{"line":52,"column":6},"end":{"line":52,"column":28}},"30":{"start":{"line":53,"column":6},"end":{"line":53,"column":28}},"31":{"start":{"line":55,"column":6},"end":{"line":55,"column":34}},"32":{"start":{"line":58,"column":6},"end":{"line":58,"column":30}},"33":{"start":{"line":60,"column":6},"end":{"line":103,"column":7}},"34":{"start":{"line":61,"column":8},"end":{"line":61,"column":25}},"35":{"start":{"line":62,"column":8},"end":{"line":62,"column":26}},"36":{"start":{"line":64,"column":8},"end":{"line":64,"column":75}},"37":{"start":{"line":65,"column":8},"end":{"line":65,"column":36}},"38":{"start":{"line":65,"column":20},"end":{"line":65,"column":36}},"39":{"start":{"line":67,"column":8},"end":{"line":67,"column":45}},"40":{"start":{"line":68,"column":8},"end":{"line":68,"column":38}},"41":{"start":{"line":70,"column":8},"end":{"line":70,"column":25}},"42":{"start":{"line":72,"column":8},"end":{"line":102,"column":9}},"43":{"start":{"line":73,"column":10},"end":{"line":73,"column":41}},"44":{"start":{"line":74,"column":10},"end":{"line":74,"column":50}},"45":{"start":{"line":76,"column":13},"end":{"line":102,"column":9}},"46":{"start":{"line":77,"column":10},"end":{"line":77,"column":41}},"47":{"start":{"line":78,"column":10},"end":{"line":78,"column":24}},"48":{"start":{"line":79,"column":10},"end":{"line":79,"column":30}},"49":{"start":{"line":80,"column":10},"end":{"line":80,"column":23}},"50":{"start":{"line":81,"column":10},"end":{"line":81,"column":37}},"51":{"start":{"line":83,"column":13},"end":{"line":102,"column":9}},"52":{"start":{"line":84,"column":10},"end":{"line":84,"column":40}},"53":{"start":{"line":85,"column":10},"end":{"line":85,"column":57}},"54":{"start":{"line":86,"column":10},"end":{"line":86,"column":32}},"55":{"start":{"line":86,"column":18},"end":{"line":86,"column":32}},"56":{"start":{"line":87,"column":10},"end":{"line":87,"column":32}},"57":{"start":{"line":87,"column":18},"end":{"line":87,"column":32}},"58":{"start":{"line":89,"column":10},"end":{"line":89,"column":38}},"59":{"start":{"line":89,"column":25},"end":{"line":89,"column":38}},"60":{"start":{"line":90,"column":10},"end":{"line":90,"column":41}},"61":{"start":{"line":92,"column":10},"end":{"line":92,"column":24}},"62":{"start":{"line":93,"column":10},"end":{"line":93,"column":30}},"63":{"start":{"line":94,"column":10},"end":{"line":94,"column":23}},"64":{"start":{"line":96,"column":10},"end":{"line":96,"column":37}},"65":{"start":{"line":99,"column":10},"end":{"line":99,"column":27}},"66":{"start":{"line":100,"column":10},"end":{"line":100,"column":46}},"67":{"start":{"line":101,"column":10},"end":{"line":101,"column":13}},"68":{"start":{"line":105,"column":6},"end":{"line":111,"column":7}},"69":{"start":{"line":106,"column":8},"end":{"line":106,"column":23}},"70":{"start":{"line":107,"column":8},"end":{"line":110,"column":9}},"71":{"start":{"line":108,"column":10},"end":{"line":108,"column":76}},"72":{"start":{"line":109,"column":10},"end":{"line":109,"column":81}},"73":{"start":{"line":113,"column":6},"end":{"line":113,"column":17}},"74":{"start":{"line":117,"column":4},"end":{"line":126,"column":5}},"75":{"start":{"line":118,"column":6},"end":{"line":118,"column":26}},"76":{"start":{"line":118,"column":19},"end":{"line":118,"column":26}},"77":{"start":{"line":120,"column":6},"end":{"line":120,"column":41}},"78":{"start":{"line":121,"column":6},"end":{"line":121,"column":38}},"79":{"start":{"line":122,"column":6},"end":{"line":122,"column":22}},"80":{"start":{"line":123,"column":6},"end":{"line":125,"column":8}},"81":{"start":{"line":124,"column":8},"end":{"line":124,"column":30}},"82":{"start":{"line":129,"column":4},"end":{"line":131,"column":5}},"83":{"start":{"line":130,"column":6},"end":{"line":130,"column":35}},"84":{"start":{"line":134,"column":4},"end":{"line":204,"column":5}},"85":{"start":{"line":135,"column":6},"end":{"line":135,"column":36}},"86":{"start":{"line":135,"column":24},"end":{"line":135,"column":36}},"87":{"start":{"line":137,"column":6},"end":{"line":137,"column":25}},"88":{"start":{"line":138,"column":6},"end":{"line":138,"column":53}},"89":{"start":{"line":139,"column":6},"end":{"line":139,"column":27}},"90":{"start":{"line":140,"column":6},"end":{"line":140,"column":26}},"91":{"start":{"line":141,"column":6},"end":{"line":141,"column":24}},"92":{"start":{"line":142,"column":6},"end":{"line":142,"column":24}},"93":{"start":{"line":143,"column":6},"end":{"line":143,"column":40}},"94":{"start":{"line":145,"column":6},"end":{"line":185,"column":21}},"95":{"start":{"line":146,"column":8},"end":{"line":146,"column":22}},"96":{"start":{"line":148,"column":8},"end":{"line":179,"column":9}},"97":{"start":{"line":149,"column":10},"end":{"line":149,"column":28}},"98":{"start":{"line":150,"column":10},"end":{"line":150,"column":40}},"99":{"start":{"line":152,"column":10},"end":{"line":160,"column":11}},"100":{"start":{"line":153,"column":12},"end":{"line":153,"column":34}},"101":{"start":{"line":154,"column":12},"end":{"line":159,"column":13}},"102":{"start":{"line":155,"column":14},"end":{"line":158,"column":15}},"103":{"start":{"line":156,"column":16},"end":{"line":156,"column":50}},"104":{"start":{"line":157,"column":16},"end":{"line":157,"column":22}},"105":{"start":{"line":162,"column":10},"end":{"line":175,"column":11}},"106":{"start":{"line":163,"column":12},"end":{"line":163,"column":31}},"107":{"start":{"line":165,"column":12},"end":{"line":167,"column":13}},"108":{"start":{"line":166,"column":14},"end":{"line":166,"column":34}},"109":{"start":{"line":169,"column":12},"end":{"line":169,"column":69}},"110":{"start":{"line":170,"column":12},"end":{"line":170,"column":36}},"111":{"start":{"line":171,"column":12},"end":{"line":171,"column":34}},"112":{"start":{"line":174,"column":12},"end":{"line":174,"column":29}},"113":{"start":{"line":178,"column":10},"end":{"line":178,"column":23}},"114":{"start":{"line":181,"column":8},"end":{"line":183,"column":9}},"115":{"start":{"line":182,"column":10},"end":{"line":182,"column":30}},"116":{"start":{"line":187,"column":6},"end":{"line":197,"column":7}},"117":{"start":{"line":188,"column":8},"end":{"line":190,"column":9}},"118":{"start":{"line":189,"column":10},"end":{"line":189,"column":21}},"119":{"start":{"line":194,"column":8},"end":{"line":196,"column":9}},"120":{"start":{"line":195,"column":10},"end":{"line":195,"column":22}},"121":{"start":{"line":199,"column":6},"end":{"line":201,"column":7}},"122":{"start":{"line":200,"column":8},"end":{"line":200,"column":44}},"123":{"start":{"line":203,"column":6},"end":{"line":203,"column":17}},"124":{"start":{"line":209,"column":4},"end":{"line":244,"column":5}},"125":{"start":{"line":210,"column":6},"end":{"line":210,"column":22}},"126":{"start":{"line":211,"column":6},"end":{"line":211,"column":21}},"127":{"start":{"line":212,"column":6},"end":{"line":212,"column":13}},"128":{"start":{"line":213,"column":6},"end":{"line":213,"column":19}},"129":{"start":{"line":215,"column":6},"end":{"line":233,"column":21}},"130":{"start":{"line":216,"column":8},"end":{"line":216,"column":22}},"131":{"start":{"line":218,"column":8},"end":{"line":231,"column":9}},"132":{"start":{"line":219,"column":10},"end":{"line":219,"column":45}},"133":{"start":{"line":220,"column":10},"end":{"line":227,"column":11}},"134":{"start":{"line":221,"column":12},"end":{"line":221,"column":45}},"135":{"start":{"line":222,"column":12},"end":{"line":222,"column":33}},"136":{"start":{"line":223,"column":12},"end":{"line":223,"column":31}},"137":{"start":{"line":226,"column":12},"end":{"line":226,"column":29}},"138":{"start":{"line":230,"column":10},"end":{"line":230,"column":23}},"139":{"start":{"line":235,"column":6},"end":{"line":243,"column":7}},"140":{"start":{"line":236,"column":8},"end":{"line":236,"column":38}},"141":{"start":{"line":237,"column":8},"end":{"line":242,"column":9}},"142":{"start":{"line":238,"column":10},"end":{"line":238,"column":39}},"143":{"start":{"line":239,"column":10},"end":{"line":241,"column":11}},"144":{"start":{"line":240,"column":12},"end":{"line":240,"column":26}},"145":{"start":{"line":249,"column":4},"end":{"line":317,"column":5}},"146":{"start":{"line":250,"column":6},"end":{"line":303,"column":7}},"147":{"start":{"line":252,"column":8},"end":{"line":302,"column":9}},"148":{"start":{"line":253,"column":10},"end":{"line":253,"column":28}},"149":{"start":{"line":254,"column":10},"end":{"line":258,"column":35}},"150":{"start":{"line":259,"column":10},"end":{"line":259,"column":46}},"151":{"start":{"line":260,"column":10},"end":{"line":260,"column":48}},"152":{"start":{"line":261,"column":10},"end":{"line":261,"column":24}},"153":{"start":{"line":263,"column":10},"end":{"line":292,"column":11}},"154":{"start":{"line":264,"column":12},"end":{"line":291,"column":13}},"155":{"start":{"line":265,"column":14},"end":{"line":265,"column":51}},"156":{"start":{"line":266,"column":14},"end":{"line":266,"column":35}},"157":{"start":{"line":268,"column":14},"end":{"line":268,"column":59}},"158":{"start":{"line":269,"column":14},"end":{"line":269,"column":40}},"159":{"start":{"line":271,"column":14},"end":{"line":271,"column":42}},"160":{"start":{"line":273,"column":14},"end":{"line":282,"column":15}},"161":{"start":{"line":277,"column":16},"end":{"line":281,"column":18}},"162":{"start":{"line":284,"column":14},"end":{"line":290,"column":15}},"163":{"start":{"line":285,"column":16},"end":{"line":289,"column":22}},"164":{"start":{"line":294,"column":10},"end":{"line":294,"column":31}},"165":{"start":{"line":295,"column":10},"end":{"line":301,"column":11}},"166":{"start":{"line":296,"column":12},"end":{"line":300,"column":18}},"167":{"start":{"line":305,"column":6},"end":{"line":305,"column":18}},"168":{"start":{"line":307,"column":6},"end":{"line":313,"column":7}},"169":{"start":{"line":308,"column":8},"end":{"line":312,"column":10}},"170":{"start":{"line":315,"column":6},"end":{"line":315,"column":42}},"171":{"start":{"line":316,"column":6},"end":{"line":316,"column":16}},"172":{"start":{"line":321,"column":4},"end":{"line":385,"column":5}},"173":{"start":{"line":322,"column":6},"end":{"line":322,"column":76}},"174":{"start":{"line":324,"column":6},"end":{"line":326,"column":7}},"175":{"start":{"line":325,"column":8},"end":{"line":325,"column":59}},"176":{"start":{"line":329,"column":6},"end":{"line":333,"column":7}},"177":{"start":{"line":330,"column":8},"end":{"line":332,"column":9}},"178":{"start":{"line":331,"column":10},"end":{"line":331,"column":21}},"179":{"start":{"line":335,"column":6},"end":{"line":335,"column":18}},"180":{"start":{"line":337,"column":6},"end":{"line":380,"column":7}},"181":{"start":{"line":338,"column":8},"end":{"line":338,"column":15}},"182":{"start":{"line":340,"column":8},"end":{"line":344,"column":9}},"183":{"start":{"line":341,"column":10},"end":{"line":341,"column":31}},"184":{"start":{"line":343,"column":10},"end":{"line":343,"column":51}},"185":{"start":{"line":345,"column":8},"end":{"line":349,"column":9}},"186":{"start":{"line":346,"column":10},"end":{"line":346,"column":22}},"187":{"start":{"line":347,"column":10},"end":{"line":347,"column":21}},"188":{"start":{"line":348,"column":10},"end":{"line":348,"column":25}},"189":{"start":{"line":350,"column":8},"end":{"line":379,"column":9}},"190":{"start":{"line":351,"column":10},"end":{"line":351,"column":13}},"191":{"start":{"line":352,"column":10},"end":{"line":352,"column":30}},"192":{"start":{"line":353,"column":10},"end":{"line":353,"column":73}},"193":{"start":{"line":353,"column":45},"end":{"line":353,"column":71}},"194":{"start":{"line":354,"column":10},"end":{"line":354,"column":72}},"195":{"start":{"line":354,"column":45},"end":{"line":354,"column":70}},"196":{"start":{"line":355,"column":10},"end":{"line":355,"column":20}},"197":{"start":{"line":356,"column":10},"end":{"line":356,"column":20}},"198":{"start":{"line":357,"column":10},"end":{"line":357,"column":30}},"199":{"start":{"line":359,"column":10},"end":{"line":369,"column":11}},"200":{"start":{"line":360,"column":12},"end":{"line":360,"column":26}},"201":{"start":{"line":361,"column":12},"end":{"line":361,"column":24}},"202":{"start":{"line":362,"column":12},"end":{"line":362,"column":23}},"203":{"start":{"line":363,"column":12},"end":{"line":363,"column":28}},"204":{"start":{"line":365,"column":12},"end":{"line":365,"column":29}},"205":{"start":{"line":366,"column":12},"end":{"line":366,"column":31}},"206":{"start":{"line":368,"column":12},"end":{"line":368,"column":34}},"207":{"start":{"line":371,"column":10},"end":{"line":378,"column":11}},"208":{"start":{"line":372,"column":12},"end":{"line":372,"column":24}},"209":{"start":{"line":373,"column":12},"end":{"line":373,"column":23}},"210":{"start":{"line":374,"column":12},"end":{"line":374,"column":24}},"211":{"start":{"line":376,"column":12},"end":{"line":376,"column":29}},"212":{"start":{"line":377,"column":12},"end":{"line":377,"column":31}},"213":{"start":{"line":382,"column":6},"end":{"line":382,"column":16}},"214":{"start":{"line":383,"column":6},"end":{"line":383,"column":22}},"215":{"start":{"line":384,"column":6},"end":{"line":384,"column":47}},"216":{"start":{"line":388,"column":4},"end":{"line":388,"column":32}},"217":{"start":{"line":391,"column":4},"end":{"line":396,"column":5}},"218":{"start":{"line":392,"column":6},"end":{"line":395,"column":15}},"219":{"start":{"line":393,"column":8},"end":{"line":393,"column":51}},"220":{"start":{"line":393,"column":32},"end":{"line":393,"column":51}},"221":{"start":{"line":394,"column":8},"end":{"line":394,"column":18}},"222":{"start":{"line":398,"column":4},"end":{"line":398,"column":15}},"223":{"start":{"line":404,"column":2},"end":{"line":412,"column":3}},"224":{"start":{"line":405,"column":4},"end":{"line":407,"column":5}},"225":{"start":{"line":406,"column":6},"end":{"line":406,"column":39}},"226":{"start":{"line":408,"column":4},"end":{"line":408,"column":27}},"227":{"start":{"line":411,"column":4},"end":{"line":411,"column":24}}},"branchMap":{"1":{"line":12,"type":"binary-expr","locations":[{"start":{"line":12,"column":10},"end":{"line":12,"column":16}},{"start":{"line":12,"column":20},"end":{"line":12,"column":31}},{"start":{"line":12,"column":35},"end":{"line":12,"column":52}}]},"2":{"line":13,"type":"if","locations":[{"start":{"line":13,"column":2},"end":{"line":13,"column":2}},{"start":{"line":13,"column":2},"end":{"line":13,"column":2}}]},"3":{"line":16,"type":"binary-expr","locations":[{"start":{"line":16,"column":12},"end":{"line":16,"column":20}},{"start":{"line":16,"column":24},"end":{"line":16,"column":35}},{"start":{"line":16,"column":39},"end":{"line":16,"column":53}}]},"4":{"line":17,"type":"if","locations":[{"start":{"line":17,"column":2},"end":{"line":17,"column":2}},{"start":{"line":17,"column":2},"end":{"line":17,"column":2}}]},"5":{"line":22,"type":"binary-expr","locations":[{"start":{"line":22,"column":13},"end":{"line":22,"column":19}},{"start":{"line":22,"column":23},"end":{"line":22,"column":25}}]},"6":{"line":37,"type":"cond-expr","locations":[{"start":{"line":37,"column":46},"end":{"line":37,"column":72}},{"start":{"line":37,"column":75},"end":{"line":37,"column":79}}]},"7":{"line":44,"type":"if","locations":[{"start":{"line":44,"column":8},"end":{"line":44,"column":8}},{"start":{"line":44,"column":8},"end":{"line":44,"column":8}}]},"8":{"line":49,"type":"cond-expr","locations":[{"start":{"line":49,"column":49},"end":{"line":49,"column":55}},{"start":{"line":49,"column":58},"end":{"line":49,"column":64}}]},"9":{"line":49,"type":"binary-expr","locations":[{"start":{"line":49,"column":11},"end":{"line":49,"column":21}},{"start":{"line":49,"column":25},"end":{"line":49,"column":44}}]},"10":{"line":64,"type":"cond-expr","locations":[{"start":{"line":64,"column":60},"end":{"line":64,"column":68}},{"start":{"line":64,"column":71},"end":{"line":64,"column":75}}]},"11":{"line":64,"type":"binary-expr","locations":[{"start":{"line":64,"column":22},"end":{"line":64,"column":32}},{"start":{"line":64,"column":36},"end":{"line":64,"column":55}}]},"12":{"line":65,"type":"if","locations":[{"start":{"line":65,"column":8},"end":{"line":65,"column":8}},{"start":{"line":65,"column":8},"end":{"line":65,"column":8}}]},"13":{"line":67,"type":"cond-expr","locations":[{"start":{"line":67,"column":33},"end":{"line":67,"column":36}},{"start":{"line":67,"column":37},"end":{"line":67,"column":40}}]},"14":{"line":72,"type":"if","locations":[{"start":{"line":72,"column":8},"end":{"line":72,"column":8}},{"start":{"line":72,"column":8},"end":{"line":72,"column":8}}]},"15":{"line":72,"type":"binary-expr","locations":[{"start":{"line":72,"column":12},"end":{"line":72,"column":18}},{"start":{"line":72,"column":22},"end":{"line":72,"column":43}}]},"16":{"line":74,"type":"binary-expr","locations":[{"start":{"line":74,"column":19},"end":{"line":74,"column":30}},{"start":{"line":74,"column":35},"end":{"line":74,"column":49}}]},"17":{"line":76,"type":"if","locations":[{"start":{"line":76,"column":13},"end":{"line":76,"column":13}},{"start":{"line":76,"column":13},"end":{"line":76,"column":13}}]},"18":{"line":83,"type":"if","locations":[{"start":{"line":83,"column":13},"end":{"line":83,"column":13}},{"start":{"line":83,"column":13},"end":{"line":83,"column":13}}]},"19":{"line":86,"type":"if","locations":[{"start":{"line":86,"column":10},"end":{"line":86,"column":10}},{"start":{"line":86,"column":10},"end":{"line":86,"column":10}}]},"20":{"line":87,"type":"if","locations":[{"start":{"line":87,"column":10},"end":{"line":87,"column":10}},{"start":{"line":87,"column":10},"end":{"line":87,"column":10}}]},"21":{"line":89,"type":"if","locations":[{"start":{"line":89,"column":10},"end":{"line":89,"column":10}},{"start":{"line":89,"column":10},"end":{"line":89,"column":10}}]},"22":{"line":100,"type":"binary-expr","locations":[{"start":{"line":100,"column":19},"end":{"line":100,"column":27}},{"start":{"line":100,"column":32},"end":{"line":100,"column":45}}]},"23":{"line":105,"type":"if","locations":[{"start":{"line":105,"column":6},"end":{"line":105,"column":6}},{"start":{"line":105,"column":6},"end":{"line":105,"column":6}}]},"24":{"line":105,"type":"binary-expr","locations":[{"start":{"line":105,"column":10},"end":{"line":105,"column":25}},{"start":{"line":105,"column":29},"end":{"line":105,"column":35}}]},"25":{"line":107,"type":"if","locations":[{"start":{"line":107,"column":8},"end":{"line":107,"column":8}},{"start":{"line":107,"column":8},"end":{"line":107,"column":8}}]},"26":{"line":108,"type":"cond-expr","locations":[{"start":{"line":108,"column":48},"end":{"line":108,"column":58}},{"start":{"line":108,"column":61},"end":{"line":108,"column":76}}]},"27":{"line":109,"type":"cond-expr","locations":[{"start":{"line":109,"column":55},"end":{"line":109,"column":72}},{"start":{"line":109,"column":75},"end":{"line":109,"column":81}}]},"28":{"line":118,"type":"if","locations":[{"start":{"line":118,"column":6},"end":{"line":118,"column":6}},{"start":{"line":118,"column":6},"end":{"line":118,"column":6}}]},"29":{"line":120,"type":"binary-expr","locations":[{"start":{"line":120,"column":26},"end":{"line":120,"column":34}},{"start":{"line":120,"column":38},"end":{"line":120,"column":40}}]},"30":{"line":121,"type":"binary-expr","locations":[{"start":{"line":121,"column":25},"end":{"line":121,"column":31}},{"start":{"line":121,"column":35},"end":{"line":121,"column":37}}]},"31":{"line":135,"type":"if","locations":[{"start":{"line":135,"column":6},"end":{"line":135,"column":6}},{"start":{"line":135,"column":6},"end":{"line":135,"column":6}}]},"32":{"line":138,"type":"cond-expr","locations":[{"start":{"line":138,"column":41},"end":{"line":138,"column":45}},{"start":{"line":138,"column":48},"end":{"line":138,"column":53}}]},"33":{"line":148,"type":"if","locations":[{"start":{"line":148,"column":8},"end":{"line":148,"column":8}},{"start":{"line":148,"column":8},"end":{"line":148,"column":8}}]},"34":{"line":152,"type":"if","locations":[{"start":{"line":152,"column":10},"end":{"line":152,"column":10}},{"start":{"line":152,"column":10},"end":{"line":152,"column":10}}]},"35":{"line":152,"type":"binary-expr","locations":[{"start":{"line":152,"column":14},"end":{"line":152,"column":25}},{"start":{"line":152,"column":29},"end":{"line":152,"column":39}},{"start":{"line":152,"column":43},"end":{"line":152,"column":51}},{"start":{"line":152,"column":55},"end":{"line":152,"column":68}}]},"36":{"line":155,"type":"if","locations":[{"start":{"line":155,"column":14},"end":{"line":155,"column":14}},{"start":{"line":155,"column":14},"end":{"line":155,"column":14}}]},"37":{"line":162,"type":"if","locations":[{"start":{"line":162,"column":10},"end":{"line":162,"column":10}},{"start":{"line":162,"column":10},"end":{"line":162,"column":10}}]},"38":{"line":165,"type":"if","locations":[{"start":{"line":165,"column":12},"end":{"line":165,"column":12}},{"start":{"line":165,"column":12},"end":{"line":165,"column":12}}]},"39":{"line":169,"type":"cond-expr","locations":[{"start":{"line":169,"column":50},"end":{"line":169,"column":54}},{"start":{"line":169,"column":57},"end":{"line":169,"column":69}}]},"40":{"line":181,"type":"if","locations":[{"start":{"line":181,"column":8},"end":{"line":181,"column":8}},{"start":{"line":181,"column":8},"end":{"line":181,"column":8}}]},"41":{"line":181,"type":"binary-expr","locations":[{"start":{"line":181,"column":12},"end":{"line":181,"column":26}},{"start":{"line":181,"column":30},"end":{"line":181,"column":42}},{"start":{"line":181,"column":46},"end":{"line":181,"column":62}}]},"42":{"line":187,"type":"if","locations":[{"start":{"line":187,"column":6},"end":{"line":187,"column":6}},{"start":{"line":187,"column":6},"end":{"line":187,"column":6}}]},"43":{"line":188,"type":"if","locations":[{"start":{"line":188,"column":8},"end":{"line":188,"column":8}},{"start":{"line":188,"column":8},"end":{"line":188,"column":8}}]},"44":{"line":194,"type":"if","locations":[{"start":{"line":194,"column":8},"end":{"line":194,"column":8}},{"start":{"line":194,"column":8},"end":{"line":194,"column":8}}]},"45":{"line":194,"type":"binary-expr","locations":[{"start":{"line":194,"column":12},"end":{"line":194,"column":24}},{"start":{"line":194,"column":28},"end":{"line":194,"column":44}}]},"46":{"line":199,"type":"if","locations":[{"start":{"line":199,"column":6},"end":{"line":199,"column":6}},{"start":{"line":199,"column":6},"end":{"line":199,"column":6}}]},"47":{"line":218,"type":"if","locations":[{"start":{"line":218,"column":8},"end":{"line":218,"column":8}},{"start":{"line":218,"column":8},"end":{"line":218,"column":8}}]},"48":{"line":220,"type":"if","locations":[{"start":{"line":220,"column":10},"end":{"line":220,"column":10}},{"start":{"line":220,"column":10},"end":{"line":220,"column":10}}]},"49":{"line":235,"type":"if","locations":[{"start":{"line":235,"column":6},"end":{"line":235,"column":6}},{"start":{"line":235,"column":6},"end":{"line":235,"column":6}}]},"50":{"line":237,"type":"if","locations":[{"start":{"line":237,"column":8},"end":{"line":237,"column":8}},{"start":{"line":237,"column":8},"end":{"line":237,"column":8}}]},"51":{"line":237,"type":"binary-expr","locations":[{"start":{"line":237,"column":12},"end":{"line":237,"column":16}},{"start":{"line":237,"column":20},"end":{"line":237,"column":27}},{"start":{"line":237,"column":31},"end":{"line":237,"column":40}}]},"52":{"line":239,"type":"if","locations":[{"start":{"line":239,"column":10},"end":{"line":239,"column":10}},{"start":{"line":239,"column":10},"end":{"line":239,"column":10}}]},"53":{"line":239,"type":"binary-expr","locations":[{"start":{"line":239,"column":14},"end":{"line":239,"column":22}},{"start":{"line":239,"column":26},"end":{"line":239,"column":46}}]},"54":{"line":252,"type":"if","locations":[{"start":{"line":252,"column":8},"end":{"line":252,"column":8}},{"start":{"line":252,"column":8},"end":{"line":252,"column":8}}]},"55":{"line":254,"type":"cond-expr","locations":[{"start":{"line":255,"column":29},"end":{"line":257,"column":39}},{"start":{"line":258,"column":30},"end":{"line":258,"column":33}}]},"56":{"line":255,"type":"cond-expr","locations":[{"start":{"line":256,"column":31},"end":{"line":256,"column":49}},{"start":{"line":257,"column":31},"end":{"line":257,"column":39}}]},"57":{"line":256,"type":"cond-expr","locations":[{"start":{"line":256,"column":39},"end":{"line":256,"column":43}},{"start":{"line":256,"column":46},"end":{"line":256,"column":49}}]},"58":{"line":264,"type":"if","locations":[{"start":{"line":264,"column":12},"end":{"line":264,"column":12}},{"start":{"line":264,"column":12},"end":{"line":264,"column":12}}]},"59":{"line":273,"type":"if","locations":[{"start":{"line":273,"column":14},"end":{"line":273,"column":14}},{"start":{"line":273,"column":14},"end":{"line":273,"column":14}}]},"60":{"line":273,"type":"binary-expr","locations":[{"start":{"line":273,"column":18},"end":{"line":273,"column":53}},{"start":{"line":274,"column":18},"end":{"line":274,"column":28}},{"start":{"line":275,"column":18},"end":{"line":275,"column":30}}]},"61":{"line":284,"type":"if","locations":[{"start":{"line":284,"column":14},"end":{"line":284,"column":14}},{"start":{"line":284,"column":14},"end":{"line":284,"column":14}}]},"62":{"line":284,"type":"binary-expr","locations":[{"start":{"line":284,"column":18},"end":{"line":284,"column":28}},{"start":{"line":284,"column":32},"end":{"line":284,"column":44}}]},"63":{"line":295,"type":"if","locations":[{"start":{"line":295,"column":10},"end":{"line":295,"column":10}},{"start":{"line":295,"column":10},"end":{"line":295,"column":10}}]},"64":{"line":307,"type":"if","locations":[{"start":{"line":307,"column":6},"end":{"line":307,"column":6}},{"start":{"line":307,"column":6},"end":{"line":307,"column":6}}]},"65":{"line":322,"type":"cond-expr","locations":[{"start":{"line":322,"column":47},"end":{"line":322,"column":59}},{"start":{"line":322,"column":62},"end":{"line":322,"column":76}}]},"66":{"line":324,"type":"cond-expr","locations":[{"start":{"line":324,"column":49},"end":{"line":324,"column":61}},{"start":{"line":324,"column":64},"end":{"line":326,"column":7}}]},"67":{"line":325,"type":"cond-expr","locations":[{"start":{"line":325,"column":33},"end":{"line":325,"column":47}},{"start":{"line":325,"column":50},"end":{"line":325,"column":59}}]},"68":{"line":340,"type":"if","locations":[{"start":{"line":340,"column":8},"end":{"line":340,"column":8}},{"start":{"line":340,"column":8},"end":{"line":340,"column":8}}]},"69":{"line":345,"type":"if","locations":[{"start":{"line":345,"column":8},"end":{"line":345,"column":8}},{"start":{"line":345,"column":8},"end":{"line":345,"column":8}}]},"70":{"line":350,"type":"if","locations":[{"start":{"line":350,"column":8},"end":{"line":350,"column":8}},{"start":{"line":350,"column":8},"end":{"line":350,"column":8}}]},"71":{"line":371,"type":"if","locations":[{"start":{"line":371,"column":10},"end":{"line":371,"column":10}},{"start":{"line":371,"column":10},"end":{"line":371,"column":10}}]},"72":{"line":384,"type":"cond-expr","locations":[{"start":{"line":384,"column":20},"end":{"line":384,"column":30}},{"start":{"line":384,"column":33},"end":{"line":384,"column":47}}]},"73":{"line":393,"type":"if","locations":[{"start":{"line":393,"column":8},"end":{"line":393,"column":8}},{"start":{"line":393,"column":8},"end":{"line":393,"column":8}}]},"74":{"line":404,"type":"if","locations":[{"start":{"line":404,"column":2},"end":{"line":404,"column":2}},{"start":{"line":404,"column":2},"end":{"line":404,"column":2}}]},"75":{"line":405,"type":"if","locations":[{"start":{"line":405,"column":4},"end":{"line":405,"column":4}},{"start":{"line":405,"column":4},"end":{"line":405,"column":4}}]},"76":{"line":405,"type":"binary-expr","locations":[{"start":{"line":405,"column":8},"end":{"line":405,"column":37}},{"start":{"line":405,"column":41},"end":{"line":405,"column":55}}]}},"code":["/* Copyright (c) 2013-2016 Richard Rodger, MIT License, https://github.com/rjrodger/patrun */","",";(function() {","  /* jshint node:true, asi:true, eqnull:true */","  \"use strict\";","","  var root            = this","  var previous_patrun = root.patrun","  var has_require     = typeof require !== 'undefined'","","","  var _ = root._ || has_require && require('lodash')","  if( !_ ) ","    throw new Error('patrun requires underscore, see http://underscorejs.org')","","  var gex = root.gex || has_require && require('gex')","  if( !gex ) ","    throw new Error('patrun requires gex, see https://github.com/rjrodger/gex')","","","  var patrun = root.patrun = function( custom ) {","    custom = custom || {}","","    var self = {}","    var top  = {}","","","    self.noConflict = function() {","      root.patrun = previous_patrun;","      return self;","    }","","","    self.add = function( pat, data ) {","      pat = _.clone(pat)","","      var customizer = _.isFunction(custom) ? custom.call(self,pat,data) : null","","","      var keys = _.keys(pat), plains = [], gexers = []","      ","      keys.forEach(function(key){","        var val = pat[key]","        if( null == val ) return;","","        val = String(val)","        pat[key] = val;","","        (( custom.gex && val.match(/[\\*\\?]/) ) ? gexers : plains ).push(key)","      })","","      plains = plains.sort()","      gexers = gexers.sort()","","      keys = plains.concat(gexers)","","","      var keymap = top, valmap","","      for( var i = 0; i < keys.length; i++ ) {","        var key = keys[i]","        var val = pat[key]","","        var gexer = ( custom.gex && val.match(/[\\*\\?]/) ) ? gex(val) : null","        if( gexer ) gexer.val$ = val","","        var sort_prefix = (gexer?'1':'0')+'~'","        var sort_key = sort_prefix+key","","        valmap = keymap.v","","        if( valmap && sort_key == keymap.sk ) {","          add_gexer( keymap, key, gexer )","          keymap = valmap[val] || (valmap[val]={})","        }","        else if( !keymap.k ) {","          add_gexer( keymap, key, gexer )","          keymap.k = key","          keymap.sk = sort_key","          keymap.v = {}","          keymap = keymap.v[val] = {}","        }","        else if( sort_key < keymap.sk ) {","          var s = keymap.s, g = keymap.g","          keymap.s = {k:keymap.k,sk:keymap.sk,v:keymap.v}","          if( s ) keymap.s.s = s","          if( g ) keymap.s.g = g","","          if( keymap.g ) keymap.g = {}","          add_gexer( keymap, key, gexer )","","          keymap.k = key","          keymap.sk = sort_key","          keymap.v = {}","","          keymap = keymap.v[val] = {}","        }","        else {","          valmap = keymap.v","          keymap = keymap.s || (keymap.s = {})","          i--","        }","      }","","      if( void 0 !== data && keymap ) {","        keymap.d = data","        if( customizer ) { ","          keymap.f = _.isFunction(customizer) ? customizer : customizer.find","          keymap.r = _.isFunction(customizer.remove) ? customizer.remove : void 0","        }","      }","","      return self","    }","","","    function add_gexer( keymap, key, gexer ) {","      if( !gexer ) return;","","      var g = (keymap.g = keymap.g || {})","      var ga = (g[key] = g[key] || [])","      ga.push( gexer )","      ga.sort( function(a,b) {","        return a.val$ < b.val$","      })","    }","","","    self.findexact = function( pat ) {","      return self.find( pat, true )","    }","","","    self.find = function( pat, exact ) {","      if( null == pat ) return null;","","      var keymap    = top","      var data      = void 0 === top.d ? null : top.d","      var finalfind = top.f","      var key       = null","      var stars     = []","      var foundkeys = {}","      var patlen    = _.keys(pat).length","","      do {","        key = keymap.k","","        if( keymap.v ) {","          var val = pat[key]","          var nextkeymap = keymap.v[val]","","          if( !nextkeymap && custom.gex && keymap.g && keymap.g[key] ) {","            var ga = keymap.g[key]","            for( var gi = 0; gi < ga.length; gi++ ) {","              if( null != ga[gi].on(val) ) {","                nextkeymap = keymap.v[ga[gi].val$]","                break;","              }","            }","          }","","          if( nextkeymap ) {","            foundkeys[key]=true","","            if( keymap.s ) {","              stars.push(keymap.s)","            }","","            data      = void 0 === nextkeymap.d ? null : nextkeymap.d","            finalfind = nextkeymap.f","            keymap    = nextkeymap","          }","          else {","            keymap = keymap.s","          }","        }","        else {","          keymap = null","        }","       ","        if( null == keymap && null == data && 0 < stars.length ) {","          keymap = stars.pop()","        }","      }","      while( keymap )","","      if( exact ) {","        if( _.keys(foundkeys).length !== patlen ) {","          data = null","        }","      }","      else {","        // If there's root data, return as a catch all","        if( null == data && void 0 !== top.d ) {","          data = top.d","        }","      }","","      if( finalfind ) {","        data = finalfind.call(self,pat,data)","      }","","      return data","    }","","","","","    self.remove = function( pat ) {","      var keymap = top","      var data = null","      var key","      var path = []","","      do {","        key = keymap.k","        ","        if( keymap.v ) {","          var nextkeymap = keymap.v[pat[key]]","          if( nextkeymap ) {","            path.push({km:keymap,v:pat[key]})","            data   = nextkeymap.d","            keymap = nextkeymap","          }","          else {","            keymap = keymap.s","          }","        }","        else {","          keymap = null","        }","      }","      while( keymap )","","      if( void 0 !== data ) {","        var part = path[path.length-1]","        if( part && part.km && part.km.v ) {","          var point = part.km.v[part.v]","          if( !point.r || point.r(pat,point.d) ) {","            delete point.d","          }","        }","      }","    }","","","","    // values can be verbatim, glob, or array of globs","    self.list = function( pat, exact ) {","      function descend(keymap,match,missing,acc) {","","        if( keymap.v ) {","          var key = keymap.k","          var gexval = gex( pat ? ","                            (null==pat[key] ?","                             ( exact ? null : '*' )","                             : pat[key]) ","                            : '*' )","          var itermatch   = _.extend({},match)","          var itermissing = _.extend({},missing)","          var nextkeymap","","          for( var val in keymap.v ) {","            if( gexval.on(val) ) {","              var valitermatch = _.clone(itermatch)","              valitermatch[key]=val","","              var valitermissing = _.extend({},itermissing)","              delete valitermissing[key]","","              nextkeymap = keymap.v[ val ]","","              if( 0 === _.keys(valitermissing).length && ","                  nextkeymap && ","                  nextkeymap.d ) ","              {","                acc.push({","                  match:valitermatch,","                  data:nextkeymap.d,","                  find:nextkeymap.f,","                })","              }","","              if( nextkeymap && nextkeymap.v ) {","                descend(","                  nextkeymap, ","                  _.extend({},valitermatch), ","                  _.extend({},valitermissing), ","                  acc)","              }","            }","          }","","          nextkeymap = keymap.s","          if( nextkeymap ) {","            descend(","              nextkeymap, ","              _.extend({},itermatch), ","              _.extend({},itermissing), ","              acc)","          }","        }","      }","","      var acc = []","","      if( top.d ) {","        acc.push({","          match:{},","          data:top.d,","          find:top.f,","        })","      }","","      descend(top,{},_.extend({},pat),acc)","      return acc","    }","","","","    self.toString = function() {","      var tree = _.isBoolean( arguments[0] ) ? arguments[0] : !!arguments[1]","","      var dstr = _.isFunction( arguments[0] ) ?  arguments[0] : function(d) {","        return _.isFunction(d) ? '<'+d.name+'>' : '<'+d+'>'","      }","","","      function indent(o,d) {","        for(var i = 0; i < d; i++ ) {","          o.push(' ')","        }","      }","","      var str = []","","      function walk(n,o,d,vs){","        var vsc","","        if( void 0 !== n.d ) {","          o.push(' '+dstr(n.d))","","          str.push( vs.join(', ')+' -> '+dstr(n.d))","        }","        if( n.k ) {","          o.push('\\n')","          indent(o,d)","          o.push(n.k+':')","        }","        if( n.v ) {","          d++","          var pa = _.keys(n.v)","          var pal = _.filter(pa,function(x){ return !x.match(/[\\*\\?]/) })","          var pas = _.filter(pa,function(x){ return x.match(/[\\*\\?]/) })","          pal.sort()","          pas.sort()","          pa = pal.concat(pas)","","          for( var pi = 0; pi < pa.length; pi++ ) {","            var p = pa[pi]","            o.push('\\n')","            indent(o,d)","            o.push( p+' ->')","","            vsc = _.clone(vs)","            vsc.push(n.k+'='+p)","","            walk(n.v[p],o,d+1,vsc)","          }","","          if( n.s ) {","            o.push('\\n')","            indent(o,d)","            o.push( '|')","","            vsc = _.clone(vs)","            walk(n.s,o,d+1,vsc)","          }","        }","      }","","      var o = []","      walk(top,o,0,[])","      return tree ? o.join('') : str.join('\\n')","    }","","","    self.inspect = self.toString","","","    self.toJSON = function(indent) {","      return JSON.stringify(top,function(key,val){","        if( _.isFunction(val) ) return '[Function]'","        return val","      },indent)","    }","","    return self","","  }","","","","  if( typeof exports !== 'undefined' ) {","    if( typeof module !== 'undefined' && module.exports ) {","      exports = module.exports = patrun","    }","    exports.patrun = patrun","  } ","  else {","    root.patrun = patrun","  }","","}).call(this);",""],"l":{"3":1,"7":1,"8":1,"9":1,"12":1,"13":1,"14":0,"16":1,"17":1,"18":0,"21":1,"22":0,"24":0,"25":0,"28":0,"29":0,"30":0,"34":0,"35":0,"37":0,"40":0,"42":0,"43":0,"44":0,"46":0,"47":0,"49":0,"52":0,"53":0,"55":0,"58":0,"60":0,"61":0,"62":0,"64":0,"65":0,"67":0,"68":0,"70":0,"72":0,"73":0,"74":0,"76":0,"77":0,"78":0,"79":0,"80":0,"81":0,"83":0,"84":0,"85":0,"86":0,"87":0,"89":0,"90":0,"92":0,"93":0,"94":0,"96":0,"99":0,"100":0,"101":0,"105":0,"106":0,"107":0,"108":0,"109":0,"113":0,"117":1,"118":0,"120":0,"121":0,"122":0,"123":0,"124":0,"129":0,"130":0,"134":0,"135":0,"137":0,"138":0,"139":0,"140":0,"141":0,"142":0,"143":0,"145":0,"146":0,"148":0,"149":0,"150":0,"152":0,"153":0,"154":0,"155":0,"156":0,"157":0,"162":0,"163":0,"165":0,"166":0,"169":0,"170":0,"171":0,"174":0,"178":0,"181":0,"182":0,"187":0,"188":0,"189":0,"194":0,"195":0,"199":0,"200":0,"203":0,"209":0,"210":0,"211":0,"212":0,"213":0,"215":0,"216":0,"218":0,"219":0,"220":0,"221":0,"222":0,"223":0,"226":0,"230":0,"235":0,"236":0,"237":0,"238":0,"239":0,"240":0,"249":0,"250":1,"252":0,"253":0,"254":0,"259":0,"260":0,"261":0,"263":0,"264":0,"265":0,"266":0,"268":0,"269":0,"271":0,"273":0,"277":0,"284":0,"285":0,"294":0,"295":0,"296":0,"305":0,"307":0,"308":0,"315":0,"316":0,"321":0,"322":0,"324":0,"325":0,"329":1,"330":0,"331":0,"335":0,"337":1,"338":0,"340":0,"341":0,"343":0,"345":0,"346":0,"347":0,"348":0,"350":0,"351":0,"352":0,"353":0,"354":0,"355":0,"356":0,"357":0,"359":0,"360":0,"361":0,"362":0,"363":0,"365":0,"366":0,"368":0,"371":0,"372":0,"373":0,"374":0,"376":0,"377":0,"382":0,"383":0,"384":0,"388":0,"391":0,"392":0,"393":0,"394":0,"398":0,"404":1,"405":1,"406":1,"408":1,"411":0}}}